2019-03-14 00:30:50
---------------------------- 
 订单201903071412351000 开始通知app端 信息为 {"code":"0000","msg":"success","data":{"order_id":"201903071412351000","plat_id":"2019030714123663844896","pay_amount":"10000","sign":"1D4DC2C130609AA70820DCE23A0B4353"}}
---------------------------- 
2019-03-14 00:41:34
---------------------------- 
 订单201903071412351000 开始通知app端 信息为 {"code":"0000","msg":"success","data":{"order_id":"201903071412351000","plat_id":"2019030714123663844896","pay_amount":"10000","sign":"1D4DC2C130609AA70820DCE23A0B4353"}}
---------------------------- 
2019-03-14 00:43:50
---------------------------- 
 订单查询25704379229143089发送给app端信息{"code":"000","0":"\u67e5\u8be2\u6210\u529f","status":5,"amount":"500000","plat_id":"2019031221532935396188"}
---------------------------- 
2019-03-14 00:45:48
---------------------------- 
 订单回调 201903071412351000 开始通知app端 信息为 {"code":"0000","msg":"success","data":{"order_id":"201903071412351000","plat_id":"2019030714123663844896","pay_amount":"10000","sign":"1D4DC2C130609AA70820DCE23A0B4353"}}
---------------------------- 
2019-03-14 00:46:04
---------------------------- 
 订单回调 201903071412351000 开始通知app端 信息为 {"code":"0000","msg":"success","data":{"order_id":"201903071412351000","plat_id":"2019030714123663844896","pay_amount":"10000","sign":"1D4DC2C130609AA70820DCE23A0B4353"}}
---------------------------- 
2019-03-14 00:46:22
---------------------------- 
 订单回调 201903071412351000 开始通知app端 信息为 {"code":"0000","msg":"success","data":{"order_id":"201903071412351000","plat_id":"2019030714123663844896","pay_amount":"10000","sign":"1D4DC2C130609AA70820DCE23A0B4353"}}
---------------------------- 
2019-03-14 18:19:37
---------------------------- 
 订单回调 25979844171923456 开始通知app端 信息为 {"code":"0000","msg":"success","data":{"order_id":"25979844171923456","plat_id":"2019031418183079399788","pay_amount":"10000","sign":"54E8C069916A3365A76E127D90B4CAAC"}}
---------------------------- 
2019-03-14 22:32:49
---------------------------- 
 订单回调 25995702683303936 开始通知app端 信息为 {"code":"0000","msg":"success","data":{"order_id":"25995702683303936","plat_id":"2019031422303486685336","pay_amount":"10000","sign":"C16C3A0E185EF62D9A59E20D7680669E"}}
---------------------------- 
