2019-03-14 00:30:50
---------------------------- 
 订单201903071412351000 来自第三方回调信息为{"amount":"10000","goods_info":"jb","merno":"082019370621036629","order_id":"201903071412351000","orgid":"0820193706210377","plat_order_id":"2019030714123663844896","timestamp":"20190308141309","trade_date":"2019-03-07 14:13:10","trade_status":"0"}
---------------------------- 
2019-03-14 00:30:50
---------------------------- 
 订单201903071412351000来自第三方回调信息签名成功
---------------------------- 
2019-03-14 00:41:34
---------------------------- 
 订单201903071412351000 来自第三方回调信息为{"amount":"10000","goods_info":"jb","merno":"082019370621036629","order_id":"201903071412351000","orgid":"0820193706210377","plat_order_id":"2019030714123663844896","timestamp":"20190308141309","trade_date":"2019-03-07 14:13:10","trade_status":"0"}
---------------------------- 
2019-03-14 00:41:34
---------------------------- 
 订单201903071412351000来自第三方回调信息签名成功
---------------------------- 
2019-03-14 00:45:48
---------------------------- 
 订单201903071412351000 来自第三方回调信息为{"amount":"10000","goods_info":"jb","merno":"082019370621036629","order_id":"201903071412351000","orgid":"0820193706210377","plat_order_id":"2019030714123663844896","timestamp":"20190308141309","trade_date":"2019-03-07 14:13:10","trade_status":"0"}
---------------------------- 
2019-03-14 00:45:48
---------------------------- 
 订单201903071412351000来自第三方回调信息签名成功
---------------------------- 
2019-03-14 00:46:04
---------------------------- 
 订单201903071412351000 来自第三方回调信息为{"amount":"10000","goods_info":"jb","merno":"082019370621036629","order_id":"201903071412351000","orgid":"0820193706210377","plat_order_id":"2019030714123663844896","timestamp":"20190308141309","trade_date":"2019-03-07 14:13:10","trade_status":"0"}
---------------------------- 
2019-03-14 00:46:04
---------------------------- 
 订单201903071412351000来自第三方回调信息签名成功
---------------------------- 
2019-03-14 00:46:22
---------------------------- 
 订单201903071412351000 来自第三方回调信息为{"amount":"10000","goods_info":"jb","merno":"082019370621036629","order_id":"201903071412351000","orgid":"0820193706210377","plat_order_id":"2019030714123663844896","timestamp":"20190308141309","trade_date":"2019-03-07 14:13:10","trade_status":"0"}
---------------------------- 
2019-03-14 00:46:22
---------------------------- 
 订单201903071412351000来自第三方回调信息签名成功
---------------------------- 
2019-03-14 14:09:15
---------------------------- 
 订单来自第三方签名失败 原因是
---------------------------- 
2019-03-14 14:12:49
---------------------------- 
 订单来自第三方签名失败 原因是
---------------------------- 
2019-03-14 14:13:46
---------------------------- 
 订单来自第三方签名失败 原因是
---------------------------- 
2019-03-14 14:14:45
---------------------------- 
 订单来自第三方签名失败 原因是
---------------------------- 
2019-03-14 14:14:59
---------------------------- 
 订单来自第三方签名失败 原因是
---------------------------- 
2019-03-14 14:16:27
---------------------------- 
 订单来自第三方签名失败 原因是
---------------------------- 
2019-03-14 14:16:39
---------------------------- 
 订单来自第三方签名失败 原因是
---------------------------- 
2019-03-14 14:16:53
---------------------------- 
 订单来自第三方签名失败 原因是
---------------------------- 
2019-03-14 17:05:28
---------------------------- 
 订单来自第三方签名失败 原因是
---------------------------- 
2019-03-14 17:09:52
---------------------------- 
 订单来自第三方签名失败 原因是
---------------------------- 
2019-03-14 17:10:46
---------------------------- 
 订单来自第三方签名失败 原因是
---------------------------- 
2019-03-14 17:30:53
---------------------------- 
 订单来自第三方签名失败 原因是
---------------------------- 
2019-03-14 18:15:14
---------------------------- 
 订单来自第三方签名失败 原因是
---------------------------- 
2019-03-14 18:16:18
---------------------------- 
 订单来自第三方签名失败 原因是
---------------------------- 
2019-03-14 18:18:30
---------------------------- 
 订单来自第三方签名失败 原因是
---------------------------- 
2019-03-14 18:19:37
---------------------------- 
 订单25979844171923456 来自第三方回调信息为{"amount":"10000","goods_info":"jb","merno":"002019311318035426","order_id":"25979844171923456","orgid":"0020193113180323","plat_order_id":"2019031418183079399788","timestamp":"20190314181937","trade_date":"2019-03-14 18:19:38","trade_status":"0"}
---------------------------- 
2019-03-14 18:19:37
---------------------------- 
 订单25979844171923456来自第三方回调信息签名成功
---------------------------- 
2019-03-14 22:28:06
---------------------------- 
 订单来自第三方签名失败 原因是
---------------------------- 
2019-03-14 22:28:27
---------------------------- 
 订单来自第三方签名失败 原因是
---------------------------- 
2019-03-14 22:28:44
---------------------------- 
 订单来自第三方签名失败 原因是
---------------------------- 
2019-03-14 22:29:02
---------------------------- 
 订单来自第三方签名失败 原因是
---------------------------- 
2019-03-14 22:30:34
---------------------------- 
 订单来自第三方签名失败 原因是
---------------------------- 
2019-03-14 22:32:49
---------------------------- 
 订单25995702683303936 来自第三方回调信息为{"amount":"10000","goods_info":"jb","merno":"002019311318035426","order_id":"25995702683303936","orgid":"0020193113180323","plat_order_id":"2019031422303486685336","timestamp":"20190314223249","trade_date":"2019-03-14 22:32:49","trade_status":"0"}
---------------------------- 
2019-03-14 22:32:49
---------------------------- 
 订单25995702683303936来自第三方回调信息签名成功
---------------------------- 
2019-03-14 22:40:06
---------------------------- 
 订单来自第三方签名失败 原因是
---------------------------- 
2019-03-14 22:58:09
---------------------------- 
 订单来自第三方签名失败 原因是
---------------------------- 
2019-03-14 23:03:43
---------------------------- 
 订单来自第三方签名失败 原因是
---------------------------- 
