2019-01-31T21:19:07+08:00 [task1] {"out_trade_no":"20180113000051","trade_no":"20180113000051","version":"1.0","timestamp":"1547648654","sign_type":"MD5","sign":"C463DBF9B1084C210DBC7387ECE3EEA7","merchant_id":"10001","pay_type":"ali_h5"}
2019-01-31T21:19:35+08:00 [task1] {"out_trade_no":"20180113000051","trade_no":"20180113000051","version":"1.0","timestamp":"1547648654","sign_type":"MD5","sign":"C463DBF9B1084C210DBC7387ECE3EEA7","merchant_id":"10001","pay_type":"ali_h5","total_amount_":"10"}
2019-01-31T21:20:01+08:00 [task1] {"out_trade_no":"20180113000051","trade_no":"20180113000051","version":"1.0","timestamp":"1547648654","sign_type":"MD5","sign":"C463DBF9B1084C210DBC7387ECE3EEA7","merchant_id":"10001","pay_type":"ali_h5","total_amount":"100"}
2019-01-31T21:20:15+08:00 [task1] {"out_trade_no":"20180113000051","trade_no":"20180113000051","version":"1.0","timestamp":"1547648654","sign_type":"MD5","sign":"C463DBF9B1084C210DBC7387ECE3EEA7","merchant_id":"10001","pay_type":"ali_h5","total_amount":"100","subject":"test"}
2019-01-31T21:20:49+08:00 [task1] {"out_trade_no":"20180113000051","total_amount":"10000","subject":"test","body":"test","notify_url":"http:\/\/www.w.com","return_url":"http:\/\/www.w.com","timeout_express":"2019-01-15 00:00:00","version":"1.0","timestamp":"1547648654","sign_type":"MD5","sign":"C463DBF9B1084C210DBC7387ECE3EEA7","merchant_id":"10001","pay_type":"ali_h5"}
2019-01-31T21:21:25+08:00 [task1] {"out_trade_no":"20180113000051","trade_no":"20180113000051","version":"1.0","timestamp":"1547648654","sign_type":"MD5","sign":"C463DBF9B1084C210DBC7387ECE3EEA7","merchant_id":"10001","pay_type":"ali_h5"}
2019-01-31T21:21:37+08:00 [task1] {"out_trade_no":"20180113000051","trade_no":"20180113000051","version":"1.0","timestamp":"1547648654","sign_type":"MD5","sign":"C463DBF9B1084C210DBC7387ECE3EEA7","merchant_id":"10001","pay_type":"ali_h5","total_amount":"100","subject":"test"}
2019-01-31T21:21:53+08:00 [task1] {"out_trade_no":"20180113000051","trade_no":"20180113000051","version":"1.0","timestamp":"1547648654","sign_type":"MD5","sign":"C463DBF9B1084C210DBC7387ECE3EEA7","merchant_id":"10001","pay_type":"ali_h5","total_amount":"100","subject":"test"}
2019-01-31T21:24:00+08:00 [task1] {"out_trade_no":"20180113000051","trade_no":"20180113000051","version":"1.0","timestamp":"1547648654","sign_type":"MD5","sign":"C463DBF9B1084C210DBC7387ECE3EEA7"}
2019-02-01T12:21:37+08:00 [task1] {"sign_type":"MD5","notify_url":"http:\/\/35.229.251.214:10021\/callback\/dahao\/payup","total_amount":"19900","timeout_express":"\"2019-02-01 12:36:36.982\"","timestamp":"1548994896","subject":"\u5145\u503c","merchant_id":"10001","return_url":"","out_trade_no":"22242915197648896","version":"1.0","sign":"ea5baeef225690dbd0b294df62399cbf","body":"\u5145\u503c19900"}
2019-02-01T12:31:05+08:00 [task1] {"sign_type":"MD5","notify_url":"http:\/\/35.229.251.214:10021\/callback\/dahao\/payup","total_amount":"19900","timeout_express":"\"2019-02-01 12:46:04.672\"","pay_type":"ali_h5","timestamp":"1548995464","subject":"\u5145\u503c","merchant_id":"10001","return_url":"","out_trade_no":"22243510464806912","version":"1.0","sign":"ea6c5490189c5d7ebb107bfb5e434a17","body":"\u5145\u503c19900"}
2019-02-01T12:31:53+08:00 [task1] {"sign_type":"MD5","notify_url":"http:\/\/35.229.251.214:10021\/callback\/dahao\/payup","total_amount":"19900","timeout_express":"\"2019-02-01 12:46:53.333\"","pay_type":"ali_h5","timestamp":"1548995513","subject":"\u5145\u503c","merchant_id":"10001","return_url":"http:\/\/35.229.251.214:10021\/callback\/dahao\/payup","out_trade_no":"22243561496903680","version":"1.0","sign":"a068223afadcb0066006f1f24e0b5040","body":"\u5145\u503c19900"}
2019-03-08T16:49:37+01:00 [task1] []
2019-03-08T16:50:35+01:00 [task1] []
2019-03-08T16:59:55+01:00 [task1] []
2019-03-08T17:00:44+01:00 [task1] []
2019-03-08T17:01:57+01:00 [task1] []
2019-03-08T17:03:13+01:00 [task1] []
2019-03-08T17:03:30+01:00 [task1] []
2019-03-08T17:08:19+01:00 [task1] []
2019-03-08T17:08:29+01:00 [task1] []
2019-03-08T17:08:39+01:00 [task1] []
2019-03-08T17:12:49+01:00 [task1] []
2019-03-08T17:14:33+01:00 [task1] []
2019-03-08T17:15:18+01:00 [task1] []
2019-03-08T17:15:32+01:00 [task1] []
2019-03-08T17:15:37+01:00 [task1] []
2019-03-08T17:15:47+01:00 [task1] []
2019-03-08T17:16:01+01:00 [task1] []
2019-03-08T17:16:07+01:00 [task1] []
2019-03-08T17:16:43+01:00 [task1] []
2019-03-08T17:17:16+01:00 [task1] []
2019-03-08T17:17:34+01:00 [task1] []
2019-03-08T17:17:52+01:00 [task1] []
2019-03-08T17:17:59+01:00 [task1] []
2019-03-08T17:18:47+01:00 [task1] []
2019-03-08T17:19:03+01:00 [task1] []
2019-03-08T17:19:28+01:00 [task1] []
2019-03-08T17:21:02+01:00 [task1] {"sign":"4gtt"}
2019-03-08T17:27:30+01:00 [task1] {"sign":"4gtt"}
2019-03-08T17:30:31+01:00 [task1] {"sign":"4gtt"}
2019-03-08T17:30:35+01:00 [task1] {"sign":"4gtt"}
2019-03-08T17:30:58+01:00 [task1] {"sign":"4gtt"}
2019-03-08T17:58:39+01:00 [task1] {"sign":"4gtt"}
2019-03-08T17:58:51+01:00 [task1] {"sign":"4gtt"}
2019-03-08T18:07:01+01:00 [task1] {"sign":"4gtt"}
2019-03-08T18:07:26+01:00 [task1] {"sign":"4gtt"}
2019-03-08T18:07:38+01:00 [task1] {"sign":"4gtt"}
2019-03-08T18:08:30+01:00 [task1] {"sign":"4gtt"}
2019-03-08T18:08:46+01:00 [task1] {"sign":"4gtt"}
2019-03-08T18:09:25+01:00 [task1] {"sign":"4gtt"}
2019-03-08T18:15:14+01:00 [task1] {"sign":"4gtt"}
2019-03-08T18:15:14+01:00 [task1] {"sign":"4gtt"}
2019-03-08T18:16:50+01:00 [task1] {"sign":"4gtt"}
2019-03-08T18:17:04+01:00 [task1] {"sign":"4gtt"}
2019-03-08T18:18:03+01:00 [task1] {"sign":"4gtt"}
2019-03-08T18:18:51+01:00 [task1] {"sign":"4gtt"}
2019-03-08T18:19:02+01:00 [task1] {"sign":"4gtt"}
2019-03-08T18:20:04+01:00 [task1] {"sign":"4gtt"}
2019-03-08T18:20:15+01:00 [task1] {"sign":"4gtt"}
2019-03-08T18:20:51+01:00 [task1] {"sign":"4gtt"}
2019-03-08T18:21:05+01:00 [task1] {"sign":"4gtt"}
2019-03-08T18:21:54+01:00 [task1] {"sign":"4gtt"}
2019-03-08T18:22:05+01:00 [task1] {"sign":"4gtt"}
2019-03-08T18:22:20+01:00 [task1] {"sign":"4gtt"}
2019-03-08T18:22:30+01:00 [task1] {"sign":"4gtt"}
2019-03-08T18:24:23+01:00 [task1] {"sign":"4gtt"}
2019-03-08T18:25:30+01:00 [task1] {"sign":"4gtt"}
2019-03-08T18:26:41+01:00 [task1] {"sign":"4gtt"}
2019-03-08T18:27:28+01:00 [task1] {"sign":"4gtt"}
2019-03-08T18:31:20+01:00 [task1] {"sign":"4gtt"}
2019-03-08T18:32:41+01:00 [task1] {"pay_type":" daipai-wxpay-h5"}
2019-03-08T18:34:31+01:00 [task1] {"pay_type":" "}
2019-03-08T18:34:46+01:00 [task1] {"pay_type":" "}
2019-03-08T18:35:58+01:00 [task1] {"pay_type":" "}
2019-03-08T18:36:07+01:00 [task1] {"pay_type":""}
2019-03-08T18:36:40+01:00 [task1] {"pay_type":""}
2019-03-08T18:36:49+01:00 [task1] {"pay_type":""}
2019-03-08T18:37:50+01:00 [task1] {"pay_type":""}
2019-03-08T18:38:57+01:00 [task1] {"pay_type":""}
2019-03-08T18:39:05+01:00 [task1] {"pay_type":""}
2019-03-08T18:39:14+01:00 [task1] {"pay_type":""}
2019-03-08T18:39:42+01:00 [task1] {"pay_type":""}
2019-03-08T18:42:13+01:00 [task1] {"pay_type":""}
2019-03-08T18:42:23+01:00 [task1] {"pay_type":"  daipai-wxpay-h5"}
2019-03-08T18:43:21+01:00 [task1] {"pay_type":"  daipai-wxpay-h5"}
2019-03-08T18:43:39+01:00 [task1] {"pay_type":"  daipai-wxpay-h5"}
2019-03-08T18:43:56+01:00 [task1] {"pay_type":"  daipai-wxpay-h5"}
2019-03-08T18:45:39+01:00 [task1] {"pay_type":"  daipai-wxpay-h5"}
2019-03-08T18:45:55+01:00 [task1] {"pay_type":"  daipai-wxpay-h5"}
2019-03-08T18:46:09+01:00 [task1] {"pay_type":""}
2019-03-08T18:46:30+01:00 [task1] {"pay_type":""}
2019-03-08T18:46:34+01:00 [task1] {"pay_type":"  daipai-wxpay-h5"}
2019-03-08T18:47:22+01:00 [task1] {"pay_type":"  daipai-wxpay-h5"}
2019-03-08T18:48:42+01:00 [task1] {"pay_type":"  daipai-wxpay-h5"}
2019-03-08T18:48:56+01:00 [task1] {"pay_type":"  daipai-wxpay-h5"}
2019-03-08T18:49:21+01:00 [task1] {"pay_type":"  daipai-wxpay-h5"}
2019-03-08T18:50:36+01:00 [task1] {"pay_type":"  daipai-wxpay-h5"}
2019-03-08T18:50:46+01:00 [task1] {"pay_type":"  daipai-wxpay-h5"}
2019-03-08T18:50:58+01:00 [task1] {"pay_type":"change-wxpay-h5"}
2019-03-08T18:51:05+01:00 [task1] {"pay_type":"change-wxpay-h5"}
2019-03-08T18:51:52+01:00 [task1] []
2019-03-08T18:52:50+01:00 [task1] {"pay_type":"change-wxpay-h5"}
2019-03-08T18:53:18+01:00 [task1] {"pay_type":"change-wxpay-h5"}
2019-03-08T18:54:59+01:00 [task1] {"pay_type":"change-wxpay-h5"}
2019-03-08T18:55:18+01:00 [task1] []
2019-03-08T18:55:28+01:00 [task1] {"pay_type":"change-wxpay-h5"}
2019-03-08T18:56:02+01:00 [task1] {"sign":"4gtt"}
2019-03-08T18:56:10+01:00 [task1] []
2019-03-08T18:56:56+01:00 [task1] []
2019-03-08T18:57:03+01:00 [task1] {"sign":"4gtt"}
2019-03-08T18:57:23+01:00 [task1] {"sign":"4gtt"}
2019-03-08T18:57:47+01:00 [task1] {"sign":"4gtt"}
2019-03-08T18:58:18+01:00 [task1] {"sign":"4gtt"}
2019-03-08T18:58:37+01:00 [task1] {"sign":"4gtt"}
2019-03-08T18:59:02+01:00 [task1] []
2019-03-08T18:59:48+01:00 [task1] {"pay_type":"dapai-alipay-wap"}
2019-03-08T19:00:08+01:00 [task1] {"pay_type":"dapai-alipay-wap"}
2019-03-08T19:00:21+01:00 [task1] {"pay_type":"dapai-alipay-wap"}
2019-03-08T19:00:30+01:00 [task1] {"pay_type":"dapai-alipay-wap"}
2019-03-08T19:00:50+01:00 [task1] {"pay_type":"change-alipay-wap"}
2019-03-08T19:01:32+01:00 [task1] {"pay_type":"change-alipay-wap"}
2019-03-08T19:01:48+01:00 [task1] {"pay_type":"change-alipay-wap"}
2019-03-08T19:02:04+01:00 [task1] {"pay_type":"chang-alipay-wap"}
2019-03-08T19:05:33+01:00 [task1] {"pay_type":"chang-alipay-wap"}
2019-03-08T19:06:02+01:00 [task1] {"pay_type":"chang-alipay-wap"}
2019-03-08T19:08:38+01:00 [task1] {"pay_type":"chang-alipay-wap"}
2019-03-08T19:10:03+01:00 [task1] {"pay_type":"chang-alipay-wap"}
2019-03-08T19:10:15+01:00 [task1] {"pay_type":"chang-alipay-wap"}
2019-03-08T19:10:58+01:00 [task1] {"pay_type":"chang-alipay-wap"}
2019-03-08T19:12:07+01:00 [task1] {"pay_type":"chang-alipay-wap"}
2019-03-08T19:13:36+01:00 [task1] {"pay_type":"chang-alipay-wap"}
2019-03-08T19:13:45+01:00 [task1] {"pay_type":"chang-alipay-wap","sign":"reeeeeeeeeeeee"}
2019-03-08T19:14:09+01:00 [task1] {"pay_type":"chang-alipay-wap","sign":"reeeeeeeeeeeee"}
2019-03-08T19:14:49+01:00 [task1] {"pay_type":"chang-alipay-wap","sign":"3AF59616A8A3DCBF159310E3035DB18A"}
2019-03-08T19:15:12+01:00 [task1] {"pay_type":"chang-alipay-wap","sign":"3AF59616A8A3DCBF159310E3035DB18A"}
2019-03-08T19:15:25+01:00 [task1] {"pay_type":"chang-alipay-wap","sign":"3AF59616A8A3DCBF159310E3035DB18A"}
2019-03-08T19:15:34+01:00 [task1] {"pay_type":"chang-alipay-wap","sign":"316A55F522AE66AA4E3BD8F78607379F"}
2019-03-08T19:15:43+01:00 [task1] {"pay_type":"chang-alipay-wap","sign":"316A55F522AE66AA4E3BD8F78607379F"}
2019-03-08T19:16:13+01:00 [task1] {"pay_type":"chang-alipay-wap","sign":"316A55F522AE66AA4E3BD8F78607379F"}
2019-03-08T19:16:50+01:00 [task1] {"pay_type":"chang-alipay-wap","sign":"316A55F522AE66AA4E3BD8F78607379F"}
2019-03-08T19:17:05+01:00 [task1] {"pay_type":"chang-alipay-wap","sign":"6B1B4A1EED696E226EA7114BDC09B87F"}
2019-03-08T19:17:14+01:00 [task1] {"pay_type":"chang-alipay-wap","sign":"6B1B4A1EED696E226EA7114BDC09B87F"}
2019-03-08T19:17:24+01:00 [task1] {"pay_type":"chang-alipay-wap","sign":"6B1B4A1EED696E226EA7114BDC09B87F"}
2019-03-08T19:17:44+01:00 [task1] {"pay_type":"chang-alipay-wap","sign":"6B1B4A1EED696E226EA7114BDC09B87F"}
2019-03-08T19:48:46+01:00 [task1] {"pay_type":"chang-alipay-wap","sign":"6B1B4A1EED696E226EA7114BDC09B87F"}
2019-03-08T19:49:57+01:00 [task1] {"pay_type":"chang-alipay-wap","sign":"6B1B4A1EED696E226EA7114BDC09B87F"}
2019-03-08T19:50:20+01:00 [task1] {"pay_type":"chang-alipay-wap","sign":"6B1B4A1EED696E226EA7114BDC09B87F"}
2019-03-08T19:51:05+01:00 [task1] {"pay_type":"chang-alipay-wap","sign":"6B1B4A1EED696E226EA7114BDC09B87F"}
2019-03-08T19:51:21+01:00 [task1] {"pay_type":"chang-alipay-wap","sign":"6B1B4A1EED696E226EA7114BDC09B87F"}
2019-03-08T19:52:50+01:00 [task1] {"pay_type":"chang-alipay-wap","sign":"6B1B4A1EED696E226EA7114BDC09B87F"}
2019-03-08T19:53:22+01:00 [task1] {"pay_type":"chang-alipay-wap","sign":"6B1B4A1EED696E226EA7114BDC09B87F"}
2019-03-08T19:53:28+01:00 [task1] {"pay_type":"chang-alipay-wap","sign":"6B1B4A1EED696E226EA7114BDC09B87F"}
2019-03-08T19:53:56+01:00 [task1] {"pay_type":"chang-alipay-wap","sign":"6B1B4A1EED696E226EA7114BDC09B87F"}
2019-03-08T19:54:28+01:00 [task1] {"pay_type":"chang-alipay-wap","sign":"6B1B4A1EED696E226EA7114BDC09B87F"}
2019-03-08T19:59:25+01:00 [task1] {"pay_type":"chang-alipay-wap","sign":"6B1B4A1EED696E226EA7114BDC09B87F"}
2019-03-08T20:00:20+01:00 [task1] {"pay_type":"chang-alipay-wap","sign":"6B1B4A1EED696E226EA7114BDC09B87F"}
2019-03-08T20:00:47+01:00 [task1] {"pay_type":"chang-alipay-wap","sign":"6B1B4A1EED696E226EA7114BDC09B87F"}
2019-03-08T20:02:37+01:00 [task1] {"pay_type":"chang-alipay-wap","sign":"6B1B4A1EED696E226EA7114BDC09B87F"}
2019-03-08T20:03:06+01:00 [task1] {"pay_type":"chang-alipay-wap","sign":"6B1B4A1EED696E226EA7114BDC09B87F"}
2019-03-08T20:04:52+01:00 [task1] {"pay_type":"chang-alipay-wap","sign":"6B1B4A1EED696E226EA7114BDC09B87F"}
2019-03-08T20:05:02+01:00 [task1] {"pay_type":"chang-alipay-wap","sign":"6B1B4A1EED696E226EA7114BDC09B87F"}
2019-03-08T20:05:27+01:00 [task1] {"pay_type":"chang-alipay-wap","sign":"6B1B4A1EED696E226EA7114BDC09B87F"}
2019-03-08T20:05:42+01:00 [task1] {"pay_type":"chang-alipay-wap","sign":"6B1B4A1EED696E226EA7114BDC09B87F"}
2019-03-08T20:05:55+01:00 [task1] {"pay_type":"chang-alipay-wap","sign":"6B1B4A1EED696E226EA7114BDC09B87F"}
2019-03-08T20:06:02+01:00 [task1] {"pay_type":"chang-alipay-wap","sign":"6B1B4A1EED696E226EA7114BDC09B87F"}
2019-03-08T20:06:17+01:00 [task1] {"pay_type":"chang-alipay-wap","sign":"6B1B4A1EED696E226EA7114BDC09B87F"}
2019-03-08T20:06:22+01:00 [task1] {"pay_type":"chang-alipay-wap","sign":"6B1B4A1EED696E226EA7114BDC09B87F"}
2019-03-08T20:06:37+01:00 [task1] {"pay_type":"chang-alipay-wap","sign":"6B1B4A1EED696E226EA7114BDC09B87F"}
2019-03-08T20:07:52+01:00 [task1] {"pay_type":"chang-alipay-wap","sign":"6B1B4A1EED696E226EA7114BDC09B87F"}
2019-03-08T20:08:11+01:00 [task1] {"pay_type":"chang-alipay-wap","sign":"6B1B4A1EED696E226EA7114BDC09B87F"}
2019-03-08T20:09:27+01:00 [task1] {"pay_type":"chang-alipay-wap","sign":"6B1B4A1EED696E226EA7114BDC09B87F"}
2019-03-08T20:09:35+01:00 [task1] {"pay_type":"chang-alipay-wap","sign":"6B1B4A1EED696E226EA7114BDC09B87F"}
2019-03-08T20:10:13+01:00 [task1] {"pay_type":"chang-alipay-wap","sign":"6B1B4A1EED696E226EA7114BDC09B87F"}
2019-03-09T01:24:00+00:00 [task1] []
2019-03-09T01:26:35+00:00 [task1] {"keyword":"dd","token":"SeG\\\/lT1iuw+DEZ+r+DsLSp4qSLq04AwUoeBZ5w2rj+c6jkLpzad\\\/XUgqIkL3cOxv","area":"id"}
2019-03-09T01:28:48+00:00 [task1] {"keyword":"dd","token":"SeG\\\/lT1iuw+DEZ+r+DsLSp4qSLq04AwUoeBZ5w2rj+c6jkLpzad\\\/XUgqIkL3cOxv","area":"id"}
2019-03-09T01:50:29+00:00 [task1] {"keyword":"dd","token":"SeG\\\/lT1iuw+DEZ+r+DsLSp4qSLq04AwUoeBZ5w2rj+c6jkLpzad\\\/XUgqIkL3cOxv","area":"id"}
2019-03-09T01:50:50+00:00 [task1] {"pay_type":""}
2019-03-09T01:50:54+00:00 [task1] {"pay_type":"ae"}
2019-03-09T01:51:00+00:00 [task1] {"pay_type":""}
2019-03-09T01:51:24+00:00 [task1] {"pay_type":"chang_alipay_h5"}
2019-03-09T01:51:52+00:00 [task1] {"pay_type":"chang_alipay_h5"}
2019-03-09T01:52:21+00:00 [task1] {"pay_type":"chang-alipay-h5"}
2019-03-09T01:52:27+00:00 [task1] {"pay_type":"chang-alipay-h5"}
2019-03-09T01:52:50+00:00 [task1] {"pay_type":"chang-alipay-h5"}
2019-03-09T01:59:43+00:00 [task1] {"pay_type":"chang-alipay-h5"}
2019-03-09T02:00:12+00:00 [task1] {"pay_type":"chang-alipay-h5"}
2019-03-09T02:01:02+00:00 [task1] {"pay_type":"chang-alipay-h5"}
2019-03-09T02:02:30+00:00 [task1] {"pay_type":"chang-alipay-h5"}
2019-03-09T02:03:41+00:00 [task1] {"pay_type":"chang-alipay-h5"}
2019-03-09T02:04:08+00:00 [task1] {"pay_type":"chang-alipay-h5"}
2019-03-09T02:05:13+00:00 [task1] {"pay_type":"chang-alipay-h5"}
2019-03-09T02:05:41+00:00 [task1] {"pay_type":"chang-alipay-h5"}
2019-03-09T02:06:13+00:00 [task1] {"pay_type":"chang-alipay-h5"}
2019-03-09T02:06:43+00:00 [task1] {"pay_type":"chang-alipay-h5"}
2019-03-09T02:07:04+00:00 [task1] {"pay_type":"chang-alipay-h5"}
2019-03-09T02:07:51+00:00 [task1] {"pay_type":"chang-alipay-h5"}
2019-03-09T02:07:58+00:00 [task1] {"pay_type":"chang-alipay-h5"}
2019-03-09T02:08:28+00:00 [task1] {"pay_type":"chang-alipay-h5"}
2019-03-09T02:10:39+00:00 [task1] {"pay_type":"chang-alipay-h5"}
2019-03-09T02:10:52+00:00 [task1] {"pay_type":"chang-alipay-h5"}
2019-03-09T02:11:18+00:00 [task1] {"pay_type":"chang-alipay-h5"}
2019-03-09T02:11:58+00:00 [task1] {"pay_type":"chang-alipay-h5"}
2019-03-09T02:12:10+00:00 [task1] {"pay_type":"chang-alipay-h5"}
2019-03-09T02:12:27+00:00 [task1] {"pay_type":"chang-alipay-h5"}
2019-03-09T02:13:04+00:00 [task1] {"pay_type":"chang-alipay-h5"}
2019-03-09T02:13:08+00:00 [task1] {"pay_type":"chang-alipay-h5"}
2019-03-09T02:13:30+00:00 [task1] {"pay_type":"chang-alipay-h5"}
2019-03-09T02:13:44+00:00 [task1] {"pay_type":"chang-alipay-h5"}
2019-03-09T02:21:23+00:00 [task1] {"pay_type":"chang-alipay-h5"}
2019-03-09T02:21:47+00:00 [task1] {"pay_type":"chang-alipay-h5"}
2019-03-09T02:24:31+00:00 [task1] {"pay_type":"chang-alipay-h5"}
2019-03-09T02:24:43+00:00 [task1] {"pay_type":"chang-alipay-h5"}
2019-03-09T02:26:29+00:00 [task1] {"pay_type":"chang-alipay-h5","pay_amount":"111"}
2019-03-09T05:40:30+00:00 [task1] {"pay_type":"chang-alipay-h5","pay_amount":"111"}
2019-03-09T05:40:51+00:00 [task1] {"pay_type":"chang-alipay-h5","pay_amount":"111"}
2019-03-09T05:41:14+00:00 [task1] {"pay_type":"chang-alipay-h5","pay_amount":"111"}
2019-03-09T05:41:40+00:00 [task1] {"pay_type":"chang-alipay-h5","pay_amount":"111"}
2019-03-09T05:42:29+00:00 [task1] {"pay_type":"chang-alipay-h5","pay_amount":"111"}
2019-03-09T05:43:21+00:00 [task1] {"pay_type":"chang-alipay-h5","pay_amount":"111"}
2019-03-09T05:45:20+00:00 [task1] {"pay_type":"chang-alipay-h5","pay_amount":"111"}
2019-03-09T05:45:42+00:00 [task1] {"pay_type":"chang-alipay-h5","pay_amount":"111"}
2019-03-09T05:47:30+00:00 [task1] {"pay_type":"chang-alipay-h5","pay_amount":"111"}
2019-03-09T05:47:43+00:00 [task1] {"pay_type":"chang-alipay-h5","pay_amount":"111"}
2019-03-09T05:47:54+00:00 [task1] {"pay_type":"chang-alipay-h5","pay_amount":"111"}
2019-03-09T06:12:44+00:00 [task1] {"pay_type":"chang-alipay-h5","pay_amount":"111"}
2019-03-09T06:14:00+00:00 [task1] {"pay_type":"chang-alipay-h5","pay_amount":"111"}
2019-03-09T06:15:23+00:00 [task1] {"pay_type":"chang-alipay-h5","pay_amount":"111"}
2019-03-09T06:15:42+00:00 [task1] {"pay_type":"chang-alipay-h5","pay_amount":"111"}
2019-03-09T06:16:08+00:00 [task1] {"pay_type":"chang-alipay-h5","pay_amount":"111"}
2019-03-09T06:17:56+00:00 [task1] {"pay_type":"chang-alipay-h5","pay_amount":"111"}
2019-03-09T06:18:41+00:00 [task1] {"pay_type":"chang-alipay-h5","pay_amount":"111"}
2019-03-09T06:20:34+00:00 [task1] {"pay_type":"chang-alipay-h5","pay_amount":"111"}
2019-03-09T06:21:32+00:00 [task1] {"pay_type":"chang-alipay-h5","pay_amount":"111"}
2019-03-09T06:22:28+00:00 [task1] {"pay_type":"chang-alipay-h5","pay_amount":"111"}
2019-03-09T06:24:54+00:00 [task1] {"pay_type":"chang-alipay-h5","pay_amount":"111"}
2019-03-09T06:25:04+00:00 [task1] {"pay_type":"chang-alipay-h5","pay_amount":"111"}
2019-03-09T06:25:43+00:00 [task1] {"pay_type":"chang-alipay-h5","pay_amount":"111","token":"eeeee"}
2019-03-09T06:25:52+00:00 [task1] {"pay_type":"chang-alipay-h5","pay_amount":"111","token":"eeeee"}
2019-03-09T06:26:09+00:00 [task1] {"pay_type":"chang-alipay-h5","pay_amount":"111","token":"eeeee"}
2019-03-09T06:31:54+00:00 [task1] {"pay_type":"chang-alipay-h5","pay_amount":"111","token":"eeeee"}
2019-03-09T06:43:06+00:00 [task1] {"pay_type":"chang-alipay-h5","pay_amount":"111","token":"eeeee"}
2019-03-09T06:43:24+00:00 [task1] {"pay_type":"chang-alipay-h5","pay_amount":"111","token":"eeeee"}
2019-03-09T06:43:43+00:00 [task1] {"pay_type":"chang-alipay-h5","pay_amount":"111","token":"eeeee"}
2019-03-09T06:44:17+00:00 [task1] {"pay_type":"chang-alipay-h5","pay_amount":"111","token":"eeeee"}
2019-03-09T06:44:20+00:00 [task1] {"pay_type":"chang-alipay-h5","pay_amount":"111","token":"eeeee"}
2019-03-09T06:44:46+00:00 [task1] {"pay_type":"chang-alipay-h5","pay_amount":"111","token":"eeeee"}
2019-03-09T06:44:55+00:00 [task1] {"pay_type":"chang-alipay-h5","pay_amount":"111","token":"eeeee"}
2019-03-09T06:45:10+00:00 [task1] {"pay_type":"chang-alipay-h5","pay_amount":"111","token":"eeeee"}
2019-03-09T07:03:57+00:00 [task1] {"pay_type":"chang-alipay-h5","pay_amount":"111","token":"eeeee"}
2019-03-09T07:04:53+00:00 [task1] {"pay_type":"chang-alipay-h5","pay_amount":"111","token":"eeeee"}
2019-03-09T07:13:21+00:00 [task1] {"pay_type":"chang-alipay-h5","pay_amount":"111","token":"eeeee"}
2019-03-09T07:14:08+00:00 [task1] {"pay_type":"chang-alipay-h5","pay_amount":"111","token":"eeeee"}
2019-03-09T07:14:35+00:00 [task1] {"pay_type":"chang-alipay-h5","pay_amount":"111","token":"eeeee"}
2019-03-09T07:14:56+00:00 [task1] {"pay_type":"chang-alipay-h5","pay_amount":"111","token":"eeeee"}
2019-03-09T07:15:09+00:00 [task1] {"pay_type":"chang-alipay-h5","pay_amount":"111","token":"eeeee"}
2019-03-09T07:15:37+00:00 [task1] {"pay_type":"chang-alipay-h5","pay_amount":"111","token":"eeeee"}
2019-03-09T07:15:51+00:00 [task1] {"pay_type":"chang-alipay-h5","pay_amount":"111","token":"eeeee"}
2019-03-09T07:24:01+00:00 [task1] {"pay_type":"chang-alipay-h5","pay_amount":"111","token":"eeeee"}
2019-03-09T07:24:29+00:00 [task1] {"pay_type":"chang-alipay-h5","pay_amount":"111","token":"eeeee"}
2019-03-09T07:25:02+00:00 [task1] {"pay_type":"chang-alipay-h5","pay_amount":"111","token":"eeeee"}
2019-03-09T07:29:00+00:00 [task1] {"pay_type":"chang-alipay-h5","pay_amount":"111","token":"eeeee"}
2019-03-09T07:29:15+00:00 [task1] {"pay_type":"chang-alipay-h5","pay_amount":"111","token":"eeeee"}
2019-03-09T10:16:52+00:00 [task1] {"pay_type":"chang-alipay-h5","pay_amount":"111","token":"eeeee"}
2019-03-09T10:17:07+00:00 [task1] {"pay_type":"chang-alipay-h5","pay_amount":"111","token":"eeeee"}
2019-03-09T10:17:37+00:00 [task1] {"pay_type":"chang-alipay-h5","pay_amount":"111","token":"eeeee"}
2019-03-09T10:22:48+00:00 [task1] {"pay_type":"chang-alipay-h5","pay_amount":"111","token":"eeeee"}
2019-03-09T10:23:09+00:00 [task1] {"pay_type":"chang-alipay-h5","pay_amount":"111","token":"eeeee"}
2019-03-09T10:53:16+00:00 [task1] {"pay_type":"yongshun-alipay-h5-websitnotiy","pay_amount":"111","token":"eeeee"}
2019-03-09T15:02:51+01:00 [task1] []
2019-03-09T15:03:30+01:00 [task1] []
2019-03-09T15:08:31+01:00 [task1] {"channel":"yongshun-alipay-h5-websitnotiy"}
2019-03-09T15:10:01+01:00 [task1] {"channel":"yongshun-alipay-h5-websitnotiy"}
2019-03-09T15:10:02+01:00 [task1] {"channel":"yongshun-alipay-h5-websitnotiy"}
2019-03-09T15:10:14+01:00 [task1] {"channel":"yongshun-alipay-h5-websitnotiy"}
2019-03-09T15:11:30+01:00 [task1] {"channel":"yongshun-alipay-h5-websitnotiy"}
2019-03-09T15:11:42+01:00 [task1] {"channel":"yongshun-alipay-h5-websitnotiy"}
2019-03-09T15:29:09+01:00 [task1] {"channel":"yongshun-alipay-h5-websitnotiy"}
2019-03-09T15:29:12+01:00 [task1] {"channel":"yongshun-alipay-h5-websitnotiy"}
2019-03-09T15:30:04+01:00 [task1] {"channel":"yongshun-alipay-h5-websitnotiy"}
2019-03-09T15:33:20+01:00 [task1] {"channel":"yongshun-alipay-h5-websitnotiy"}
2019-03-09T15:49:04+01:00 [task1] {"channel":"yongshun-alipay-h5-websitnotiy"}
2019-03-09T15:51:47+01:00 [task1] {"channel":"yongshun-alipay-h5-websitnotiy"}
2019-03-09T15:52:06+01:00 [task1] {"channel":"yongshun-alipay-h5-websitnotiy"}
2019-03-09T15:52:11+01:00 [task1] {"channel":"yongshun-alipay-h5-websitnotiy"}
2019-03-09T15:53:12+01:00 [task1] {"channel":"yongshun-alipay-h5-websitnotiy"}
2019-03-09T15:55:55+01:00 [task1] {"channel":"yongshun-alipay-h5-websitnotiy"}
2019-03-09T15:56:33+01:00 [task1] {"channel":"yongshun-alipay-h5-websitnotiy"}
2019-03-09T15:57:10+01:00 [task1] {"channel":"yongshun-alipay-h5-websitnotiy"}
2019-03-09T16:07:02+01:00 [task1] {"channel":"yongshun-alipay-h5-websitnotiy"}
2019-03-09T16:10:00+01:00 [task1] {"channel":"yongshun-alipay-h5-websitnotiy"}
2019-03-09T16:10:38+01:00 [task1] {"channel":"yongshun-alipay-h5-websitnotiy"}
2019-03-09T16:13:37+01:00 [task1] {"channel":"yongshun-alipay-h5-websitnotiy"}
2019-03-09T16:15:28+01:00 [task1] {"channel":"yongshun-alipay-h5-websitnotiy"}
2019-03-09T16:15:46+01:00 [task1] {"channel":"yongshun-alipay-h5-websitnotiy"}
2019-03-09T16:18:48+01:00 [task1] {"channel":"yongshun-alipay-h5-websitnotiy"}
2019-03-09T16:18:59+01:00 [task1] {"channel":"yongshun-alipay-h5-websitnotiy"}
2019-03-09T16:19:08+01:00 [task1] {"channel":"yongshun-alipay-h5-websitnotiy"}
2019-03-09T16:20:45+01:00 [task1] {"channel":"yongshun-alipay-h5-websitnotiy"}
2019-03-09T16:21:16+01:00 [task1] {"channel":"yongshun-alipay-h5-websitnotiy"}
2019-03-09T16:23:16+01:00 [task1] {"channel":"yongshun-alipay-h5-websitnotiy"}
2019-03-09T16:24:54+01:00 [task1] {"channel":"yongshun-alipay-h5-websitnotiy"}
2019-03-09T16:25:43+01:00 [task1] {"channel":"yongshun-alipay-h5-websitnotiy"}
2019-03-09T16:26:50+01:00 [task1] {"channel":"yongshun-alipay-h5-websitnotiy"}
2019-03-09T16:28:01+01:00 [task1] {"channel":"yongshun-alipay-h5-websitnotiy"}
2019-03-09T16:43:46+01:00 [task1] []
2019-03-09T16:44:09+01:00 [task1] []
2019-03-09T16:44:30+01:00 [task1] []
2019-03-09T16:44:48+01:00 [task1] []
2019-03-09T16:45:10+01:00 [task1] []
2019-03-09T16:45:20+01:00 [task1] []
2019-03-09T16:45:30+01:00 [task1] []
2019-03-09T16:45:43+01:00 [task1] []
2019-03-09T16:45:55+01:00 [task1] []
2019-03-09T16:46:00+01:00 [task1] []
2019-03-09T16:46:15+01:00 [task1] []
2019-03-09T16:46:24+01:00 [task1] []
2019-03-09T16:46:32+01:00 [task1] {"channel":"yongshun-alipay-h5-websitnotiy"}
2019-03-09T16:47:05+01:00 [task1] []
2019-03-09T16:47:46+01:00 [task1] {"channel":"yongshun-alipay-h5-websitnotiy","e":"e"}
2019-03-09T16:48:07+01:00 [task1] {"f":"f"}
2019-03-09T16:48:27+01:00 [task1] []
2019-03-09T16:48:38+01:00 [task1] []
2019-03-09T16:51:27+01:00 [task1] []
2019-03-09T16:52:14+01:00 [task1] {"channel":"yongshun-alipay-h5-websitnotiy","e":"e"}
2019-03-09T16:53:10+01:00 [task1] []
2019-03-09T16:53:16+01:00 [task1] []
2019-03-09T16:54:05+01:00 [task1] []
2019-03-09T16:54:43+01:00 [task1] []
2019-03-09T16:54:58+01:00 [task1] []
2019-03-09T16:55:08+01:00 [task1] []
2019-03-09T16:55:31+01:00 [task1] {"channel":"yongshun-alipay-h5-websitnotiy","e":"e"}
2019-03-09T16:55:45+01:00 [task1] []
2019-03-09T16:55:54+01:00 [task1] []
2019-03-10T05:20:17+01:00 [task1] {"sign":"4gtt","pay_type":"change-wxpay-h5"}
2019-03-10T05:46:57+01:00 [task1] {"sign":"4gtt","pay_type":"change-wxpay-h5"}
2019-03-10T05:47:45+01:00 [task1] {"sign":"4gtt","pay_type":"change-wxpay5-pay"}
2019-03-10T05:47:53+01:00 [task1] {"sign":"4gtt","channel":"change-wxpay5-pay"}
2019-03-10T05:48:31+01:00 [task1] {"sign":"4gtt","channel":"change-wxpay5-pay"}
2019-03-10T05:48:43+01:00 [task1] {"sign":"4gtt","channel":"change-wxpay5-pay"}
2019-03-10T05:48:53+01:00 [task1] {"sign":"4gtt","channel":"change-wxpay5-pay"}
2019-03-10T05:49:15+01:00 [task1] {"sign":"4gtt","channel":"change-wxpay5-pay"}
2019-03-10T05:49:36+01:00 [task1] {"sign":"4gtt","channel":"change-wxpay5-pay"}
2019-03-10T05:49:59+01:00 [task1] {"sign":"4gtt","channel":"change-wxpay5-pay"}
2019-03-10T05:50:18+01:00 [task1] {"sign":"4gtt","channel":"change-wxpay5-pay"}
2019-03-10T05:50:44+01:00 [task1] {"sign":"4gtt","channel":"change-wxpay5-pay"}
2019-03-10T05:51:24+01:00 [task1] {"sign":"4gtt","channel":"change-wxpay5-pay"}
2019-03-10T05:53:00+01:00 [task1] {"sign":"4gtt","channel":"change-wxpay5-pay"}
2019-03-10T05:54:01+01:00 [task1] {"sign":"4gtt","channel":"change-wxpay5-pay"}
2019-03-10T05:54:14+01:00 [task1] {"sign":"4gtt","channel":"change-wxpay5-pay"}
2019-03-10T05:54:47+01:00 [task1] {"sign":"4gtt","channel":"change-wxpay5-pay"}
2019-03-10T06:03:42+01:00 [task1] {"sign":"4gtt","chang":"change-wxpay5-pay"}
2019-03-10T06:05:02+01:00 [task1] {"sign":"4gtt","chang":"change-wxpay5-pay"}
2019-03-10T06:06:07+01:00 [task1] {"sign":"4gtt","channel":"change-wxpay5-pay"}
2019-03-10T06:06:23+01:00 [task1] {"sign":"4gtt","channel":"change-wxpay5-pay"}
2019-03-10T06:06:34+01:00 [task1] {"sign":"4gtt","channel":"change-wxpay5-pay"}
2019-03-10T06:08:10+01:00 [task1] {"sign":"4gtt","channel":"change-wxpay5-pay"}
2019-03-10T06:08:29+01:00 [task1] {"sign":"4gtt","channel":"change-wxpay5-pay"}
2019-03-10T06:08:39+01:00 [task1] {"sign":"4gtt","channel":"change-wxpay5-pay"}
2019-03-10T07:02:42+01:00 [task1] {"sign":"4gtt","channel":"change-wxpay5-pay"}
2019-03-10T07:03:18+01:00 [task1] {"sign":"4gtt","channel":"change-wxpay5-pay"}
2019-03-10T07:03:43+01:00 [task1] {"sign":"4gtt","channel":"change-wxpay5-pay"}
2019-03-10T07:03:51+01:00 [task1] {"sign":"4gtt","channel":"change-wxpay5-pay"}
2019-03-10T07:04:11+01:00 [task1] {"sign":"4gtt","channel":"change-wxpay5-pay"}
2019-03-10T07:04:29+01:00 [task1] {"sign":"4gtt","channel":"change-wxpay5-pay"}
2019-03-10T07:05:05+01:00 [task1] {"sign":"4gtt","channel":"change-wxpay5-pay"}
2019-03-10T07:05:23+01:00 [task1] {"sign":"4gtt","channel":"chang-aipayh5-pay"}
2019-03-10T07:05:29+01:00 [task1] {"sign":"4gtt","channel":"chang-aipayh5-pay"}
2019-03-10T07:05:39+01:00 [task1] {"sign":"4gtt","channel":"chang-aipayh5-pay"}
2019-03-10T07:06:09+01:00 [task1] {"sign":"4gtt","channel":"chang-aipayh5-pay"}
2019-03-10T07:06:57+01:00 [task1] {"sign":"4gtt","channel":"chang-aipayh5-pay"}
2019-03-10T07:08:10+01:00 [task1] []
2019-03-10T07:08:44+01:00 [task1] []
2019-03-10T07:08:57+01:00 [task1] []
2019-03-10T07:28:32+01:00 [task1] []
2019-03-10T07:33:37+01:00 [task1] []
2019-03-10T07:33:50+01:00 [task1] []
2019-03-10T07:35:42+01:00 [task1] []
2019-03-10T07:52:17+01:00 [task1] []
2019-03-10T07:52:38+01:00 [task1] []
2019-03-10T07:52:50+01:00 [task1] []
2019-03-10T07:52:55+01:00 [task1] []
2019-03-10T07:53:24+01:00 [task1] []
2019-03-10T07:54:23+01:00 [task1] []
2019-03-10T07:54:41+01:00 [task1] []
2019-03-10T07:55:43+01:00 [task1] []
2019-03-10T07:55:44+01:00 [task1] []
2019-03-10T07:55:54+01:00 [task1] []
2019-03-10T07:56:19+01:00 [task1] []
2019-03-10T07:56:28+01:00 [task1] []
2019-03-10T07:56:37+01:00 [task1] []
2019-03-10T15:15:51+01:00 [task1] []
2019-03-10T15:17:39+01:00 [task1] []
2019-03-10T15:17:46+01:00 [task1] []
2019-03-10T15:18:05+01:00 [task1] []
2019-03-10T15:21:02+01:00 [task1] []
2019-03-10T15:21:39+01:00 [task1] []
2019-03-10T15:32:14+01:00 [task1] []
2019-03-10T15:35:35+01:00 [task1] []
2019-03-10T15:35:50+01:00 [task1] []
2019-03-10T15:37:05+01:00 [task1] []
2019-03-10T17:04:23+01:00 [task1] []
2019-03-10T17:04:37+01:00 [task1] []
2019-03-10T17:12:14+01:00 [task1] []
2019-03-10T17:13:39+01:00 [task1] []
2019-03-10T17:13:53+01:00 [task1] []
2019-03-10T17:15:29+01:00 [task1] []
2019-03-10T17:15:49+01:00 [task1] []
2019-03-10T17:17:41+01:00 [task1] []
2019-03-10T17:17:48+01:00 [task1] []
2019-03-10T17:17:55+01:00 [task1] []
2019-03-10T17:18:00+01:00 [task1] []
2019-03-10T17:18:22+01:00 [task1] []
2019-03-10T17:36:08+01:00 [task1] []
2019-03-10T17:36:48+01:00 [task1] {"sign":"4gtt","channel":"chang-aipayh5-pay"}
2019-03-10T17:38:06+01:00 [task1] {"sign":"4gtt","channel":"chang-aipayh5-pay","order_id":"20180909999","pay_amount":"2333","userId":"21","notify_url":"http:\/\/www.gg.com"}
2019-03-10T17:38:32+01:00 [task1] {"sign":"4gtt","channel":"chang-aipayh5-pay","order_id":"20180909999","pay_amount":"2333","userId":"21","notify_url":"http:\/\/www.gg.com","token":"eee"}
2019-03-10T17:40:39+01:00 [task1] {"sign":"4gtt","channel":"chang-aipayh5-pay","order_id":"20180909999","pay_amount":"2333","userId":"21","notify_url":"http:\/\/www.gg.com","token":"eee"}
2019-03-10T17:40:47+01:00 [task1] {"sign":"4gtt","channel":"chang-aipayh5-pay","order_id":"20180909999","pay_amount":"2333","userId":"21","notify_url":"http:\/\/www.gg.com","token":"eee"}
2019-03-10T17:41:16+01:00 [task1] {"sign":"4gtt","channel":"chang-aipayh5-pay","order_id":"20180909999","pay_amount":"2333","userId":"21","notify_url":"http:\/\/www.gg.com","token":"eee"}
2019-03-10T17:41:26+01:00 [task1] {"sign":"4gtt","channel":"chang-aipayh5-pay","order_id":"20180909999","pay_amount":"2333","userId":"21","notify_url":"http:\/\/www.gg.com","token":"eee"}
2019-03-10T17:41:38+01:00 [task1] {"sign":"4gtt","channel":"chang-aipayh5-pay","order_id":"20180909999","pay_amount":"2333","userId":"21","notify_url":"http:\/\/www.gg.com","token":"1C587C0DD87708893321582487F13C47"}
2019-03-10T17:42:19+01:00 [task1] {"sign":"4gtt","channel":"chang-aipayh5-pay","order_id":"20180909999","pay_amount":"2333","userId":"21","notify_url":"http:\/\/www.gg.com","token":"1C587C0DD87708893321582487F13C47"}
2019-03-10T17:43:00+01:00 [task1] {"sign":"4gtt","channel":"chang-aipayh5-pay","order_id":"20180909999","pay_amount":"2333","userId":"21","notify_url":"http:\/\/www.gg.com","token":"1C587C0DD87708893321582487F13C47"}
2019-03-10T17:44:59+01:00 [task1] {"sign":"4gtt","channel":"chang-aipayh5-pay","order_id":"20180909999","pay_amount":"2333","userId":"21","notify_url":"http:\/\/www.gg.com","token":"1C587C0DD87708893321582487F13C47"}
2019-03-10T17:45:15+01:00 [task1] {"sign":"4gtt","channel":"chang-aipayh5-pay","order_id":"20180909999","pay_amount":"2333","userId":"21","notify_url":"http:\/\/www.gg.com","token":"1C587C0DD87708893321582487F13C47"}
2019-03-10T17:45:29+01:00 [task1] {"sign":"4gtt","channel":"chang-aipayh5-pay","order_id":"20180909999","pay_amount":"2333","userId":"21","notify_url":"http:\/\/www.gg.com","token":"1C587C0DD87708893321582487F13C47"}
2019-03-10T17:45:47+01:00 [task1] {"sign":"4gtt","channel":"chang-aipayh5-pay","order_id":"20180909999","pay_amount":"2333","userId":"21","notify_url":"http:\/\/www.gg.com","token":"918663AC9C521A2DE04C2441C80C2D52"}
2019-03-10T17:46:00+01:00 [task1] {"sign":"4gtt","channel":"chang-aipayh5-pay","order_id":"20180909999","pay_amount":"2333","userId":"21","notify_url":"http:\/\/www.gg.com","toke":"918663AC9C521A2DE04C2441C80C2D52"}
2019-03-10T17:46:05+01:00 [task1] {"sign":"4gtt","channel":"chang-aipayh5-pay","order_id":"20180909999","pay_amount":"2333","userId":"21","notify_url":"http:\/\/www.gg.com","token":"918663AC9C521A2DE04C2441C80C2D52"}
2019-03-10T17:47:17+01:00 [task1] {"channel":"chang-aipayh5-pay","order_id":"20180909999","pay_amount":"2333","userId":"21","notify_url":"http:\/\/www.gg.com","token":"918663AC9C521A2DE04C2441C80C2D52"}
2019-03-10T17:47:31+01:00 [task1] {"sign":"4gtt","channel":"chang-aipayh5-pay","order_id":"20180909999","pay_amount":"2333","userId":"21","notify_url":"http:\/\/www.gg.com","token":"918663AC9C521A2DE04C2441C80C2D52"}
2019-03-10T17:48:05+01:00 [task1] {"sign":"4gtt","channel":"chang-aipayh5-pay","order_id":"20180909999","pay_amount":"2333","userId":"21","notify_url":"http:\/\/www.gg.com","token":"918663AC9C521A2DE04C2441C80C2D52"}
2019-03-10T17:48:20+01:00 [task1] {"channel":"chang-aipayh5-pay","order_id":"20180909999","pay_amount":"2333","userId":"21","notify_url":"http:\/\/www.gg.com","token":"918663AC9C521A2DE04C2441C80C2D52"}
2019-03-10T17:48:33+01:00 [task1] {"channel":"chang-aipayh5-pay","order_id":"20180909999","pay_amount":"2333","userId":"21","notify_url":"http:\/\/www.gg.com","token":"918663AC9C521A2DE04C2441C80C2D52"}
2019-03-10T17:48:42+01:00 [task1] {"channel":"chang-aipayh5-pay","order_id":"20180909999","pay_amount":"2333","userId":"21","notify_url":"http:\/\/www.gg.com","token":"918663AC9C521A2DE04C2441C80C2D52"}
2019-03-10T17:49:38+01:00 [task1] {"channel":"chang-aipayh5-pay","order_id":"20180909999","pay_amount":"2333","userId":"21","notify_url":"http:\/\/www.gg.com","token":"918663AC9C521A2DE04C2441C80C2D52"}
2019-03-10T17:50:26+01:00 [task1] {"channel":"chan-aipayh5-pay","order_id":"20180909999","pay_amount":"2333","userId":"21","notify_url":"http:\/\/www.gg.com","token":"918663AC9C521A2DE04C2441C80C2D52"}
2019-03-10T17:50:36+01:00 [task1] {"channel":"chang-aipayh5-pay","order_id":"20180909999","pay_amount":"2333","userId":"21","notify_url":"http:\/\/www.gg.com","token":"918663AC9C521A2DE04C2441C80C2D52"}
2019-03-10T17:50:54+01:00 [task1] {"channel":"chang-aipayh5-pay","order_id":"20180909999","pay_amount":"2333","userId":"21","notify_url":"http:\/\/www.gg.com","token":"918663AC9C521A2DE04C2441C80C2D52"}
2019-03-10T18:03:47+01:00 [task1] {"channel":"chang-aipayh5-pay","order_id":"20180909999","pay_amount":"2333","userId":"21","notify_url":"http:\/\/www.gg.com","token":"918663AC9C521A2DE04C2441C80C2D52"}
2019-03-10T18:04:16+01:00 [task1] {"channel":"chang-aipayh5-pay","order_id":"20180909999","pay_amount":"2333","userId":"21","notify_url":"http:\/\/www.gg.com","token":"918663AC9C521A2DE04C2441C80C2D52"}
2019-03-10T18:04:25+01:00 [task1] {"channel":"chang-aipayh5-pay","order_id":"20180909999","pay_amount":"2333","userId":"21","notify_url":"http:\/\/www.gg.com","token":"918663AC9C521A2DE04C2441C80C2D52"}
2019-03-10T18:04:31+01:00 [task1] {"channel":"chang-aipayh5-pay","order_id":"20180909999","pay_amount":"2333","userId":"21","notify_url":"http:\/\/www.gg.com","token":"918663AC9C521A2DE04C2441C80C2D52"}
2019-03-10T18:04:38+01:00 [task1] {"channel":"chang-aipayh5-pay","order_id":"20180909999","pay_amount":"2333","userId":"21","notify_url":"http:\/\/www.gg.com","token":"918663AC9C521A2DE04C2441C80C2D52"}
2019-03-10T18:05:30+01:00 [task1] {"channel":"chang-aipayh5-pay","order_id":"20180909999","pay_amount":"2333","userId":"21","notify_url":"http:\/\/www.gg.com","token":"918663AC9C521A2DE04C2441C80C2D52"}
2019-03-10T18:07:14+01:00 [task1] {"channel":"chang-aipayh5-pay","order_id":"20180909999","pay_amount":"2333","userId":"21","notify_url":"http:\/\/www.gg.com","token":"918663AC9C521A2DE04C2441C80C2D52"}
2019-03-10T18:07:25+01:00 [task1] {"channel":"chang-aipayh5-pay","order_id":"20180909999","pay_amount":"2333","userId":"21","notify_url":"http:\/\/www.gg.com","token":"918663AC9C521A2DE04C2441C80C2D52"}
2019-03-10T18:08:13+01:00 [task1] {"channel":"chang-aipayh5-pay","order_id":"20180909999","pay_amount":"2333","userId":"21","notify_url":"http:\/\/www.gg.com","token":"918663AC9C521A2DE04C2441C80C2D52"}
2019-03-10T18:08:33+01:00 [task1] {"channel":"chang-aipayh5-pay","order_id":"20180909999","pay_amount":"2333","userId":"21","notify_url":"http:\/\/www.gg.com","token":"918663AC9C521A2DE04C2441C80C2D52"}
2019-03-10T18:08:58+01:00 [task1] {"channel":"chang-aipayh5-pay","order_id":"20180909999","pay_amount":"2333","userId":"21","notify_url":"http:\/\/www.gg.com","token":"918663AC9C521A2DE04C2441C80C2D52"}
2019-03-10T18:09:15+01:00 [task1] {"channel":"chang-aipayh5-pay","order_id":"20180909999","pay_amount":"2333","userId":"21","notify_url":"http:\/\/www.gg.com","token":"918663AC9C521A2DE04C2441C80C2D52"}
2019-03-10T18:09:44+01:00 [task1] {"channel":"chang-aipayh5-pay","order_id":"20180909999","pay_amount":"2333","userId":"21","notify_url":"http:\/\/www.gg.com","token":"918663AC9C521A2DE04C2441C80C2D52"}
2019-03-10T18:09:53+01:00 [task1] {"channel":"chang-aipayh5-pay","order_id":"20180909999","pay_amount":"2333","userId":"21","notify_url":"http:\/\/www.gg.com","token":"918663AC9C521A2DE04C2441C80C2D52"}
2019-03-10T18:10:25+01:00 [task1] {"channel":"chang-aipayh5-pay","order_id":"20180909999","pay_amount":"2333","userId":"21","notify_url":"http:\/\/www.gg.com","token":"918663AC9C521A2DE04C2441C80C2D52"}
2019-03-10T18:11:25+01:00 [task1] {"channel":"chang-aipayh5-pay","order_id":"20180909999","pay_amount":"2333","userId":"21","notify_url":"http:\/\/www.gg.com","token":"918663AC9C521A2DE04C2441C80C2D52"}
2019-03-10T18:11:57+01:00 [task1] {"channel":"chang-aipayh5-pay","order_id":"20180909999","pay_amount":"2333","userId":"21","notify_url":"http:\/\/www.gg.com","token":"918663AC9C521A2DE04C2441C80C2D52"}
2019-03-10T18:12:17+01:00 [task1] {"channel":"chang-aipayh5-pay","order_id":"20180909999","pay_amount":"2333","userId":"21","notify_url":"http:\/\/www.gg.com","token":"918663AC9C521A2DE04C2441C80C2D52"}
2019-03-10T18:12:32+01:00 [task1] {"channel":"chang-aipayh5-pay","order_id":"20180909999","pay_amount":"2333","userId":"21","notify_url":"http:\/\/www.gg.com","token":"918663AC9C521A2DE04C2441C80C2D52"}
2019-03-10T18:13:16+01:00 [task1] {"channel":"chang-aipayh5-pay","order_id":"20180909999","pay_amount":"2333","userId":"21","notify_url":"http:\/\/www.gg.com","token":"918663AC9C521A2DE04C2441C80C2D52"}
2019-03-10T18:16:33+01:00 [task1] {"channel":"chang-aipayh5-pay","order_id":"20180909999","pay_amount":"2333","userId":"21","notify_url":"http:\/\/www.gg.com","token":"918663AC9C521A2DE04C2441C80C2D52"}
2019-03-10T18:17:18+01:00 [task1] {"channel":"chang-aipayh5-pay","order_id":"20180909999","pay_amount":"2333","userId":"21","notify_url":"http:\/\/www.gg.com","token":"918663AC9C521A2DE04C2441C80C2D52"}
2019-03-10T18:17:53+01:00 [task1] {"channel":"chang-aipayh5-pay","order_id":"20180909999","pay_amount":"2333","userId":"21","notify_url":"http:\/\/www.gg.com","token":"918663AC9C521A2DE04C2441C80C2D52"}
2019-03-10T18:18:30+01:00 [task1] {"channel":"chang-aipayh5-pay","order_id":"20180909999","pay_amount":"2333","userId":"21","notify_url":"http:\/\/www.gg.com","token":"918663AC9C521A2DE04C2441C80C2D52"}
2019-03-10T18:18:43+01:00 [task1] {"channel":"chang-aipayh5-pay","order_id":"20180909999","pay_amount":"2333","userId":"21","notify_url":"http:\/\/www.gg.com","token":"918663AC9C521A2DE04C2441C80C2D52"}
2019-03-10T18:19:23+01:00 [task1] {"channel":"chang-aipayh5-pay","order_id":"20180909999","pay_amount":"2333","userId":"21","notify_url":"http:\/\/www.gg.com","token":"918663AC9C521A2DE04C2441C80C2D52"}
2019-03-10T18:19:58+01:00 [task1] {"channel":"chang-aipayh5-pay","order_id":"20180909999","pay_amount":"2333","userId":"21","notify_url":"http:\/\/www.gg.com","token":"918663AC9C521A2DE04C2441C80C2D52"}
2019-03-10T18:20:14+01:00 [task1] {"channel":"chang-aipayh5-pay","order_id":"20180909999","pay_amount":"2333","userId":"21","notify_url":"http:\/\/www.gg.com","token":"918663AC9C521A2DE04C2441C80C2D52"}
2019-03-10T18:27:35+01:00 [task1] {"channel":"chang-aipayh5-pay","order_id":"20180909999","pay_amount":"2333","userId":"21","notify_url":"http:\/\/www.gg.com","token":"918663AC9C521A2DE04C2441C80C2D52"}
2019-03-10T18:29:19+01:00 [task1] {"channel":"chang-aipayh5-pay","order_id":"20180909999","pay_amount":"2333","userId":"21","notify_url":"http:\/\/www.gg.com","token":"918663AC9C521A2DE04C2441C80C2D52"}
2019-03-10T18:29:29+01:00 [task1] {"channel":"chang-aipayh5-pay","order_id":"20180909999","pay_amount":"2333","userId":"21","notify_url":"http:\/\/www.gg.com","token":"918663AC9C521A2DE04C2441C80C2D52"}
2019-03-10T18:29:50+01:00 [task1] {"channel":"chang-aipayh5-pay","order_id":"20180909999","pay_amount":"2333","userId":"21","notify_url":"http:\/\/www.gg.com","token":"918663AC9C521A2DE04C2441C80C2D52"}
2019-03-10T18:30:59+01:00 [task1] {"channel":"chang-aipayh5-pay","order_id":"20180909999","pay_amount":"2333","userId":"21","notify_url":"http:\/\/www.gg.com","token":"918663AC9C521A2DE04C2441C80C2D52"}
2019-03-10T18:31:13+01:00 [task1] {"channel":"chang-aipayh5-pay","order_id":"20180909999","pay_amount":"2333","userId":"21","notify_url":"http:\/\/www.gg.com","token":"918663AC9C521A2DE04C2441C80C2D52"}
2019-03-10T18:31:27+01:00 [task1] {"channel":"chang-aipayh5-pay","order_id":"20180909999","pay_amount":"2333","userId":"21","notify_url":"http:\/\/www.gg.com","token":"918663AC9C521A2DE04C2441C80C2D52"}
2019-03-10T18:35:33+01:00 [task1] {"channel":"chang-aipayh5-pay","order_id":"20180909999","pay_amount":"2333","userId":"21","notify_url":"http:\/\/www.gg.com","token":"918663AC9C521A2DE04C2441C80C2D52"}
2019-03-10T18:37:06+01:00 [task1] {"channel":"chang-aipayh5-pay","order_id":"20180909999","pay_amount":"2333","userId":"21","notify_url":"http:\/\/www.gg.com","token":"918663AC9C521A2DE04C2441C80C2D52"}
2019-03-10T18:38:38+01:00 [task1] {"channel":"chang-aipayh5-pay","order_id":"20180909999","pay_amount":"2333","userId":"21","notify_url":"http:\/\/www.gg.com","token":"918663AC9C521A2DE04C2441C80C2D52"}
2019-03-10T18:43:23+01:00 [task1] {"channel":"chang-aipayh5-pay","order_id":"20180909999","pay_amount":"2333","userId":"21","notify_url":"http:\/\/www.gg.com","token":"918663AC9C521A2DE04C2441C80C2D52"}
2019-03-10T18:44:00+01:00 [task1] {"channel":"chang-aipayh5-pay","order_id":"20180909999","pay_amount":"2333","userId":"21","notify_url":"http:\/\/www.gg.com","token":"918663AC9C521A2DE04C2441C80C2D52"}
2019-03-10T18:44:52+01:00 [task1] {"channel":"chang-aipayh5-pay","order_id":"20180909999","pay_amount":"2333","userId":"21","notify_url":"http:\/\/www.gg.com","token":"918663AC9C521A2DE04C2441C80C2D52"}
2019-03-10T18:45:30+01:00 [task1] {"channel":"chang-aipayh5-pay","order_id":"20180909999","pay_amount":"2333","userId":"21","notify_url":"http:\/\/www.gg.com","token":"918663AC9C521A2DE04C2441C80C2D52"}
2019-03-10T18:48:25+01:00 [task1] {"channel":"chang-aipayh5-pay","order_id":"20180909999","pay_amount":"2333","userId":"21","notify_url":"http:\/\/www.gg.com","token":"918663AC9C521A2DE04C2441C80C2D52"}
2019-03-10T18:48:54+01:00 [task1] {"channel":"chang-aipayscan-pay","order_id":"20180909999","pay_amount":"2333","userId":"21","notify_url":"http:\/\/www.gg.com","token":"918663AC9C521A2DE04C2441C80C2D52"}
2019-03-10T18:49:07+01:00 [task1] {"channel":"chang-aipayh5-pay","order_id":"20180909999","pay_amount":"2333","userId":"21","notify_url":"http:\/\/www.gg.com","token":"918663AC9C521A2DE04C2441C80C2D52"}
2019-03-10T18:49:54+01:00 [task1] {"channel":"chang-aipayh5-pay","order_id":"20180909999","pay_amount":"2333","userId":"21","notify_url":"http:\/\/www.gg.com","token":"918663AC9C521A2DE04C2441C80C2D52"}
2019-03-10T18:50:15+01:00 [task1] {"channel":"chang-aipayscan-pay","order_id":"20180909999","pay_amount":"2333","userId":"21","notify_url":"http:\/\/www.gg.com","token":"918663AC9C521A2DE04C2441C80C2D52"}
2019-03-10T18:50:23+01:00 [task1] {"channel":"chang-aipayscan-pay","order_id":"20180909999","pay_amount":"2333","userId":"21","notify_url":"http:\/\/www.gg.com","token":"48748EB40B7E39BE256EF657A186AEE8"}
2019-03-10T18:50:30+01:00 [task1] {"channel":"chang-aipayscan-pay","order_id":"20180909999","pay_amount":"2333","userId":"21","notify_url":"http:\/\/www.gg.com","token":"48748EB40B7E39BE256EF657A186AEE8"}
2019-03-10T18:50:45+01:00 [task1] {"channel":"chang-aipayscan-pay","order_id":"20180909999","pay_amount":"2333","userId":"21","notify_url":"http:\/\/www.gg.com","token":"48748EB40B7E39BE256EF657A186AEE8"}
2019-03-10T18:58:25+01:00 [task1] []
2019-03-10T18:58:43+01:00 [task1] []
2019-03-10T18:59:36+01:00 [task1] {"channel":"chang-aipayscan-pay","order_id":"20180909999","pay_amount":"2333","userId":"21","notify_url":"http:\/\/www.gg.com","token":"48748EB40B7E39BE256EF657A186AEE8"}
2019-03-10T19:00:06+01:00 [task1] {"channel":"chang-aipayscan-pay","order_id":"20180909999","pay_amount":"2333","userId":"21","notify_url":"http:\/\/www.gg.com","token":"48748EB40B7E39BE256EF657A186AEE8"}
2019-03-10T19:01:51+01:00 [task1] {"channel":"chang-aipayscan-pay","order_id":"20180909999","pay_amount":"2333","userId":"21","notify_url":"http:\/\/www.gg.com","token":"48748EB40B7E39BE256EF657A186AEE8"}
2019-03-10T19:02:24+01:00 [task1] {"channel":"chang-aipayscan-pay","order_id":"20180909999","pay_amount":"2333","userId":"21","notify_url":"http:\/\/www.gg.com","token":"48748EB40B7E39BE256EF657A186AEE8"}
2019-03-10T19:02:47+01:00 [task1] {"channel":"chang-aipayscan-pay","order_id":"20180909999","pay_amount":"2333","userId":"21","notify_url":"http:\/\/www.gg.com","token":"48748EB40B7E39BE256EF657A186AEE8"}
2019-03-10T19:04:14+01:00 [task1] {"channel":"chang-aipayscan-pay","order_id":"20180909999","pay_amount":"2333","userId":"21","notify_url":"http:\/\/www.gg.com","token":"48748EB40B7E39BE256EF657A186AEE8"}
2019-03-10T19:05:20+01:00 [task1] {"channel":"chang-aipayscan-pay","order_id":"20180909999","pay_amount":"2333","userId":"21","notify_url":"http:\/\/www.gg.com","token":"48748EB40B7E39BE256EF657A186AEE8"}
2019-03-10T19:06:09+01:00 [task1] {"channel":"chang-aipayscan-pay","order_id":"20180909999","pay_amount":"2333","userId":"21","notify_url":"http:\/\/www.gg.com","token":"48748EB40B7E39BE256EF657A186AEE8"}
2019-03-10T19:07:10+01:00 [task1] {"channel":"chang-aipayscan-pay","order_id":"20180909999","pay_amount":"2333","userId":"21","notify_url":"http:\/\/www.gg.com","token":"48748EB40B7E39BE256EF657A186AEE8"}
2019-03-10T19:07:20+01:00 [task1] {"channel":"chang-aipayscan-pay","order_id":"20180909999","pay_amount":"2333","userId":"21","notify_url":"http:\/\/www.gg.com","token":"48748EB40B7E39BE256EF657A186AEE8"}
2019-03-10T19:07:49+01:00 [task1] {"channel":"chang-aipayscan-pay","order_id":"20180909999","pay_amount":"2333","userId":"21","notify_url":"http:\/\/www.gg.com","token":"48748EB40B7E39BE256EF657A186AEE8"}
2019-03-10T19:08:31+01:00 [task1] {"channel":"chang-aipayscan-pay","order_id":"20180909999","pay_amount":"2333","userId":"21","notify_url":"http:\/\/www.gg.com","token":"48748EB40B7E39BE256EF657A186AEE8"}
2019-03-10T19:09:25+01:00 [task1] {"channel":"chang-aipayscan-pay","order_id":"20180909999","pay_amount":"2333","userId":"21","notify_url":"http:\/\/www.gg.com","token":"48748EB40B7E39BE256EF657A186AEE8"}
2019-03-10T19:09:30+01:00 [task1] {"channel":"chang-aipayscan-pay","order_id":"20180909999","pay_amount":"2333","userId":"21","notify_url":"http:\/\/www.gg.com","token":"48748EB40B7E39BE256EF657A186AEE8"}
2019-03-10T19:09:48+01:00 [task1] {"channel":"chang-aipayscan-pay","order_id":"20180909999","pay_amount":"2333","userId":"21","notify_url":"http:\/\/www.gg.com","token":"48748EB40B7E39BE256EF657A186AEE8"}
2019-03-10T19:10:42+01:00 [task1] {"channel":"chang-aipayscan-pay","order_id":"20180909999","pay_amount":"2333","userId":"21","notify_url":"http:\/\/www.gg.com","token":"48748EB40B7E39BE256EF657A186AEE8"}
2019-03-10T19:13:50+01:00 [task1] {"channel":"chang-aipayscan-pay","order_id":"20180909999","pay_amount":"2333","userId":"21","notify_url":"http:\/\/www.gg.com","token":"48748EB40B7E39BE256EF657A186AEE8"}
2019-03-10T19:15:16+01:00 [task1] {"channel":"chang-aipayscan-pay","order_id":"20180909999","pay_amount":"2333","userId":"21","notify_url":"http:\/\/www.gg.com","token":"48748EB40B7E39BE256EF657A186AEE8"}
2019-03-10T19:15:46+01:00 [task1] {"channel":"chang-aipayscan-pay","order_id":"20180909999","pay_amount":"2333","userId":"21","notify_url":"http:\/\/www.gg.com","token":"48748EB40B7E39BE256EF657A186AEE8"}
2019-03-10T19:16:31+01:00 [task1] {"channel":"chang-aipayscan-pay","order_id":"20180909999","pay_amount":"2333","userId":"21","notify_url":"http:\/\/www.gg.com","token":"48748EB40B7E39BE256EF657A186AEE8"}
2019-03-10T19:17:04+01:00 [task1] {"channel":"chang-aipayscan-pay","order_id":"20180909999","pay_amount":"2333","userId":"21","notify_url":"http:\/\/www.gg.com","token":"48748EB40B7E39BE256EF657A186AEE8"}
2019-03-10T19:23:19+01:00 [task1] {"channel":"chang-aipayscan-pay","order_id":"20180909999","pay_amount":"2333","userId":"21","notify_url":"http:\/\/www.gg.com","token":"48748EB40B7E39BE256EF657A186AEE8"}
2019-03-10T19:23:44+01:00 [task1] {"channel":"chang-aipayscan-pay","order_id":"20180909999","pay_amount":"2333","userId":"21","notify_url":"http:\/\/www.gg.com","token":"48748EB40B7E39BE256EF657A186AEE8"}
2019-03-10T19:24:23+01:00 [task1] {"channel":"chang-aipayscan-pay","order_id":"20180909999","pay_amount":"2333","userId":"21","notify_url":"http:\/\/www.gg.com","token":"48748EB40B7E39BE256EF657A186AEE8"}
2019-03-10T19:24:32+01:00 [task1] {"channel":"chang-aipayscan-pay","order_id":"20180909999","pay_amount":"2333","userId":"21","notify_url":"http:\/\/www.gg.com","token":"48748EB40B7E39BE256EF657A186AEE8"}
2019-03-10T19:25:15+01:00 [task1] {"channel":"chang-aipayscan-pay","order_id":"20180909999","pay_amount":"2333","userId":"21","notify_url":"http:\/\/www.gg.com","token":"48748EB40B7E39BE256EF657A186AEE8"}
2019-03-10T19:33:48+01:00 [task1] {"channel":"chang-aipayscan-pay","order_id":"20180909999","pay_amount":"2333","userId":"21","notify_url":"http:\/\/www.gg.com","token":"48748EB40B7E39BE256EF657A186AEE8"}
2019-03-10T19:34:03+01:00 [task1] {"channel":"chang-aipayscan-pay","order_id":"20180909999","pay_amount":"2333","userId":"21","notify_url":"http:\/\/www.gg.com","token":"48748EB40B7E39BE256EF657A186AEE8"}
2019-03-10T19:35:15+01:00 [task1] {"channel":"chang-aipayscan-pay","order_id":"20180909999","pay_amount":"2333","userId":"21","notify_url":"http:\/\/www.gg.com","token":"48748EB40B7E39BE256EF657A186AEE8"}
2019-03-10T19:36:08+01:00 [task1] {"channel":"chang-aipayscan-pay","order_id":"20180909999","pay_amount":"2333","userId":"21","notify_url":"http:\/\/www.gg.com","token":"48748EB40B7E39BE256EF657A186AEE8"}
2019-03-10T19:36:51+01:00 [task1] {"channel":"chang-aipayscan-pay","order_id":"20180909999","pay_amount":"2333","userId":"21","notify_url":"http:\/\/www.gg.com","token":"48748EB40B7E39BE256EF657A186AEE8"}
2019-03-10T19:36:51+01:00 [task1] {"channel":"chang-aipayscan-pay","order_id":"20180909999","pay_amount":"2333","userId":"21","notify_url":"http:\/\/www.gg.com","token":"48748EB40B7E39BE256EF657A186AEE8"}
2019-03-10T19:39:47+01:00 [task1] {"channel":"chang-aipayscan-pay","order_id":"20180909999","pay_amount":"2333","userId":"21","notify_url":"http:\/\/www.gg.com","token":"48748EB40B7E39BE256EF657A186AEE8"}
2019-03-10T19:44:08+01:00 [task1] {"channel":"chang-aipayscan-pay","order_id":"20180909999","pay_amount":"2333","userId":"21","notify_url":"http:\/\/www.gg.com","token":"48748EB40B7E39BE256EF657A186AEE8"}
2019-03-10T19:44:53+01:00 [task1] {"channel":"chang-aipayscan-pay","order_id":"20180909999","pay_amount":"2333","userId":"21","notify_url":"http:\/\/www.gg.com","token":"48748EB40B7E39BE256EF657A186AEE8"}
2019-03-10T19:46:10+01:00 [task1] {"channel":"chang-aipayscan-pay","order_id":"20180909999","pay_amount":"2333","userId":"21","notify_url":"http:\/\/www.gg.com","token":"48748EB40B7E39BE256EF657A186AEE8"}
2019-03-10T19:50:17+01:00 [task1] {"channel":"chang-aipayscan-pay","order_id":"20180909999","pay_amount":"2333","userId":"21","notify_url":"http:\/\/www.gg.com","token":"48748EB40B7E39BE256EF657A186AEE8"}
2019-03-10T19:52:01+01:00 [task1] {"channel":"chang-aipayscan-pay","order_id":"20180909999","pay_amount":"2333","userId":"21","notify_url":"http:\/\/www.gg.com","token":"48748EB40B7E39BE256EF657A186AEE8"}
2019-03-10T19:53:01+01:00 [task1] {"channel":"chang-aipayscan-pay","order_id":"20180909999","pay_amount":"2333","userId":"21","notify_url":"http:\/\/www.gg.com","token":"48748EB40B7E39BE256EF657A186AEE8"}
2019-03-10T19:53:30+01:00 [task1] {"channel":"chang-aipayscan-pay","order_id":"20180909999","pay_amount":"2333","userId":"21","notify_url":"http:\/\/www.gg.com","token":"48748EB40B7E39BE256EF657A186AEE8"}
2019-03-10T19:54:01+01:00 [task1] {"channel":"chang-aipayscan-pay","order_id":"20180909999","pay_amount":"2333","userId":"21","notify_url":"http:\/\/www.gg.com","token":"48748EB40B7E39BE256EF657A186AEE8"}
2019-03-10T19:55:26+01:00 [task1] {"channel":"chang-aipayscan-pay","order_id":"20180909999","pay_amount":"2333","userId":"21","notify_url":"http:\/\/www.gg.com","token":"48748EB40B7E39BE256EF657A186AEE8"}
2019-03-10T19:58:05+01:00 [task1] {"channel":"chang-aipayscan-pay","order_id":"20180909999","pay_amount":"2333","userId":"21","notify_url":"http:\/\/www.gg.com","token":"48748EB40B7E39BE256EF657A186AEE8"}
2019-03-10T19:59:02+01:00 [task1] {"channel":"chang-aipayscan-pay","order_id":"20180909999","pay_amount":"2333","userId":"21","notify_url":"http:\/\/www.gg.com","token":"48748EB40B7E39BE256EF657A186AEE8"}
2019-03-10T20:00:14+01:00 [task1] {"channel":"chang-aipayscan-pay","order_id":"20180909999","pay_amount":"2333","userId":"21","notify_url":"http:\/\/www.gg.com","token":"48748EB40B7E39BE256EF657A186AEE8"}
2019-03-10T20:00:37+01:00 [task1] {"channel":"chang-aipayscan-pay","order_id":"20180909999","pay_amount":"2333","userId":"21","notify_url":"http:\/\/www.gg.com","token":"48748EB40B7E39BE256EF657A186AEE8"}
2019-03-10T20:00:59+01:00 [task1] {"channel":"chang-aipayscan-pay","order_id":"20180909999","pay_amount":"2333","userId":"21","notify_url":"http:\/\/www.gg.com","token":"48748EB40B7E39BE256EF657A186AEE8"}
2019-03-10T20:01:34+01:00 [task1] {"channel":"chang-aipayscan-pay","order_id":"20190311098884444","pay_amount":"2333","userId":"21","notify_url":"http:\/\/www.gg.com","token":"48748EB40B7E39BE256EF657A186AEE8"}
2019-03-10T20:01:57+01:00 [task1] {"channel":"chang-aipayscan-pay","order_id":"20190311098884444","pay_amount":"2333","userId":"21","notify_url":"http:\/\/www.gg.com","token":"48748EB40B7E39BE256EF657A186AEE8"}
2019-03-10T20:02:10+01:00 [task1] {"channel":"chang-aipayscan-pay","order_id":"20190311098884444","pay_amount":"2333","userId":"21","notify_url":"http:\/\/www.gg.com","token":"C4B9632CAC0B4FF83A747FDA3688689B"}
2019-03-11T14:32:30+01:00 [task1] []
2019-03-11T14:34:05+01:00 [task1] []
2019-03-11T14:34:50+01:00 [task1] []
2019-03-11T14:35:04+01:00 [task1] []
2019-03-11T14:35:17+01:00 [task1] []
2019-03-11T14:35:26+01:00 [task1] []
2019-03-11T14:52:41+01:00 [task1] []
2019-03-11T14:52:42+01:00 [task1] []
2019-03-11T14:52:50+01:00 [task1] []
2019-03-11T14:52:52+01:00 [task1] []
2019-03-11T14:52:54+01:00 [task1] []
2019-03-11T14:53:12+01:00 [task1] []
2019-03-11T14:53:17+01:00 [task1] []
2019-03-11T14:54:23+01:00 [task1] []
2019-03-11T14:54:38+01:00 [task1] []
2019-03-11T14:54:45+01:00 [task1] []
2019-03-11T14:54:48+01:00 [task1] []
2019-03-11T14:55:22+01:00 [task1] []
2019-03-11T14:55:36+01:00 [task1] []
2019-03-11T15:16:42+01:00 [task1] []
2019-03-11T15:16:56+01:00 [task1] []
2019-03-11T15:40:35+01:00 [task1] []
2019-03-11T15:40:42+01:00 [task1] []
2019-03-11T15:41:20+01:00 [task1] []
2019-03-11T15:42:42+01:00 [task1] []
2019-03-11T15:42:48+01:00 [task1] []
2019-03-11T15:42:54+01:00 [task1] []
2019-03-11T15:55:45+01:00 [task1] []
2019-03-11T15:55:53+01:00 [task1] []
2019-03-11T16:00:45+01:00 [task1] []
2019-03-11T16:00:59+01:00 [task1] []
2019-03-11T16:01:05+01:00 [task1] []
2019-03-11T16:01:15+01:00 [task1] []
2019-03-11T16:01:37+01:00 [task1] []
2019-03-11T16:02:35+01:00 [task1] []
2019-03-11T16:02:43+01:00 [task1] []
2019-03-11T16:02:51+01:00 [task1] []
2019-03-11T16:03:00+01:00 [task1] []
2019-03-11T16:08:58+01:00 [task1] []
2019-03-11T16:09:11+01:00 [task1] []
2019-03-11T16:10:51+01:00 [task1] []
2019-03-11T16:11:21+01:00 [task1] []
2019-03-11T16:12:06+01:00 [task1] []
2019-03-11T16:12:23+01:00 [task1] []
2019-03-11T16:13:38+01:00 [task1] []
2019-03-11T16:14:03+01:00 [task1] []
2019-03-11T16:15:42+01:00 [task1] []
2019-03-11T16:19:01+01:00 [task1] []
2019-03-11T16:22:39+01:00 [task1] []
2019-03-11T16:23:09+01:00 [task1] []
2019-03-11T16:23:38+01:00 [task1] []
2019-03-11T16:24:24+01:00 [task1] []
2019-03-11T16:24:31+01:00 [task1] []
2019-03-11T16:25:06+01:00 [task1] []
2019-03-11T16:26:41+01:00 [task1] []
2019-03-11T16:26:49+01:00 [task1] []
2019-03-11T16:28:58+01:00 [task1] []
2019-03-11T16:29:10+01:00 [task1] []
2019-03-11T16:29:22+01:00 [task1] []
2019-03-11T16:29:37+01:00 [task1] []
2019-03-11T16:29:58+01:00 [task1] []
2019-03-11T16:30:03+01:00 [task1] []
2019-03-11T16:30:38+01:00 [task1] []
2019-03-11T16:31:07+01:00 [task1] []
2019-03-11T16:31:43+01:00 [task1] []
2019-03-11T16:32:21+01:00 [task1] []
2019-03-11T16:35:01+01:00 [task1] []
2019-03-11T16:36:00+01:00 [task1] []
2019-03-11T16:39:57+01:00 [task1] []
2019-03-11T16:40:36+01:00 [task1] []
2019-03-11T16:49:24+01:00 [task1] []
2019-03-11T16:49:54+01:00 [task1] []
2019-03-11T16:50:20+01:00 [task1] []
2019-03-11T17:03:45+01:00 [task1] []
2019-03-11T17:08:15+01:00 [task1] []
2019-03-11T17:08:37+01:00 [task1] []
2019-03-11T17:09:20+01:00 [task1] []
2019-03-11T17:36:56+01:00 [task1] []
2019-03-11T17:37:12+01:00 [task1] []
2019-03-11T17:37:17+01:00 [task1] []
2019-03-11T17:37:25+01:00 [task1] []
2019-03-11T17:38:27+01:00 [task1] []
2019-03-11T17:39:48+01:00 [task1] []
2019-03-11T17:40:03+01:00 [task1] []
2019-03-11T17:40:23+01:00 [task1] []
2019-03-11T17:41:28+01:00 [task1] []
2019-03-11T17:43:19+01:00 [task1] []
2019-03-11T17:43:28+01:00 [task1] []
2019-03-11T17:46:56+01:00 [task1] []
2019-03-11T17:50:59+01:00 [task1] []
2019-03-11T17:51:22+01:00 [task1] []
2019-03-11T17:52:19+01:00 [task1] []
2019-03-11T17:52:30+01:00 [task1] []
2019-03-11T17:52:39+01:00 [task1] []
2019-03-12T00:57:45+08:00 [task1] []
2019-03-12T01:00:06+08:00 [task1] []
2019-03-12T01:01:56+08:00 [task1] []
2019-03-12T01:04:37+08:00 [task1] []
2019-03-12T01:05:00+08:00 [task1] []
2019-03-12T01:05:11+08:00 [task1] []
2019-03-12T01:05:34+08:00 [task1] []
2019-03-12T01:06:33+08:00 [task1] []
2019-03-12T01:09:32+08:00 [task1] []
2019-03-12T01:11:18+08:00 [task1] []
2019-03-12T01:12:51+08:00 [task1] []
2019-03-12T01:13:29+08:00 [task1] []
2019-03-12T01:14:47+08:00 [task1] []
2019-03-12T01:16:28+08:00 [task1] []
2019-03-12T01:16:58+08:00 [task1] []
2019-03-12T01:17:32+08:00 [task1] []
2019-03-12T01:17:44+08:00 [task1] []
2019-03-12T01:20:58+08:00 [task1] []
2019-03-12T01:21:56+08:00 [task1] []
2019-03-12T01:24:44+08:00 [task1] []
2019-03-12T10:14:49+08:00 [task1] []
2019-03-12T10:15:52+08:00 [task1] []
2019-03-12T10:16:03+08:00 [task1] []
2019-03-12T10:16:11+08:00 [task1] []
2019-03-12T10:17:43+08:00 [task1] []
2019-03-12T10:18:14+08:00 [task1] []
2019-03-12T10:18:30+08:00 [task1] []
2019-03-12T10:19:30+08:00 [task1] []
2019-03-12T10:23:19+08:00 [task1] []
2019-03-12T10:23:53+08:00 [task1] []
2019-03-12T10:24:08+08:00 [task1] []
2019-03-12T10:25:27+08:00 [task1] []
2019-03-12T10:26:24+08:00 [task1] []
2019-03-12T10:27:34+08:00 [task1] []
2019-03-12T10:29:00+08:00 [task1] []
2019-03-12T10:40:25+08:00 [task1] []
2019-03-12T10:40:41+08:00 [task1] []
2019-03-12T10:41:17+08:00 [task1] []
2019-03-12T10:44:09+08:00 [task1] []
2019-03-12T15:28:01+08:00 [task1] {"goods_info":"jb","amount":"10000","merno":"082019370621036629","order_id":"201903071412351000","orgid":"0820193706210377","plat_order_id":"2019030714123663844896","timestamp":"20190308141309","trade_date":"2019-03-07 14:13:10","trade_status":"0","sign_data":"39cef1d5e8921627d20844da4a157367"}
2019-03-12T15:29:26+08:00 [task1] {"goods_info":"jb","amount":"10000","merno":"082019370621036629","order_id":"201903071412351000","orgid":"0820193706210377","plat_order_id":"2019030714123663844896","timestamp":"20190308141309","trade_date":"2019-03-07 14:13:10","trade_status":"0","sign_data":"39cef1d5e8921627d20844da4a157367"}
2019-03-12T15:31:55+08:00 [task1] {"goods_info":"jb","amount":"10000","merno":"082019370621036629","order_id":"201903071412351000","orgid":"0820193706210377","plat_order_id":"2019030714123663844896","timestamp":"20190308141309","trade_date":"2019-03-07 14:13:10","trade_status":"0","sign_data":"39cef1d5e8921627d20844da4a157367"}
2019-03-12T15:32:17+08:00 [task1] {"goods_info":"jb","amount":"10000","merno":"082019370621036629","order_id":"201903071412351000","orgid":"0820193706210377","plat_order_id":"2019030714123663844896","timestamp":"20190308141309","trade_date":"2019-03-07 14:13:10","trade_status":"0","sign_data":"39cef1d5e8921627d20844da4a157367"}
2019-03-12T15:32:47+08:00 [task1] {"goods_info":"jb","amount":"10000","merno":"082019370621036629","order_id":"201903071412351000","orgid":"0820193706210377","plat_order_id":"2019030714123663844896","timestamp":"20190308141309","trade_date":"2019-03-07 14:13:10","trade_status":"0","sign_data":"39cef1d5e8921627d20844da4a157367"}
2019-03-12T15:34:11+08:00 [task1] {"goods_info":"jb","amount":"10000","merno":"082019370621036629","order_id":"201903071412351000","orgid":"0820193706210377","plat_order_id":"2019030714123663844896","timestamp":"20190308141309","trade_date":"2019-03-07 14:13:10","trade_status":"0","sign_data":"39cef1d5e8921627d20844da4a157367"}
2019-03-12T15:35:59+08:00 [task1] {"goods_info":"jb","amount":"10000","merno":"082019370621036629","order_id":"201903071412351000","orgid":"0820193706210377","plat_order_id":"2019030714123663844896","timestamp":"20190308141309","trade_date":"2019-03-07 14:13:10","trade_status":"0","sign_data":"39cef1d5e8921627d20844da4a157367"}
2019-03-12T15:58:58+08:00 [task1] {"goods_info":"jb","amount":"10000","merno":"082019370621036629","order_id":"201903071412351000","orgid":"0820193706210377","plat_order_id":"2019030714123663844896","timestamp":"20190308141309","trade_date":"2019-03-07 14:13:10","trade_status":"0","sign_data":"39cef1d5e8921627d20844da4a157367"}
2019-03-12T15:59:26+08:00 [task1] {"goods_info":"jb","amount":"10000","merno":"082019370621036629","order_id":"201903071412351000","orgid":"0820193706210377","plat_order_id":"2019030714123663844896","timestamp":"20190308141309","trade_date":"2019-03-07 14:13:10","trade_status":"0","sign_data":"39cef1d5e8921627d20844da4a157367"}
2019-03-12T16:00:33+08:00 [task1] {"goods_info":"jb","amount":"10000","merno":"082019370621036629","order_id":"201903071412351000","orgid":"0820193706210377","plat_order_id":"2019030714123663844896","timestamp":"20190308141309","trade_date":"2019-03-07 14:13:10","trade_status":"0","sign_data":"39cef1d5e8921627d20844da4a157367"}
2019-03-12T16:08:44+08:00 [task1] {"goods_info":"jb","amount":"10000","merno":"082019370621036629","order_id":"201903071412351000","orgid":"0820193706210377","plat_order_id":"2019030714123663844896","timestamp":"20190308141309","trade_date":"2019-03-07 14:13:10","trade_status":"0","sign_data":"39cef1d5e8921627d20844da4a157367"}
2019-03-12T16:08:55+08:00 [task1] {"goods_info":"jb","amount":"10000","merno":"082019370621036629","order_id":"201903071412351000","orgid":"0820193706210377","plat_order_id":"2019030714123663844896","timestamp":"20190308141309","trade_date":"2019-03-07 14:13:10","trade_status":"0","sign_data":"39cef1d5e8921627d20844da4a157367"}
2019-03-12T16:09:09+08:00 [task1] {"goods_info":"jb","amount":"10000","merno":"082019370621036629","order_id":"201903071412351000","orgid":"0820193706210377","plat_order_id":"2019030714123663844896","timestamp":"20190308141309","trade_date":"2019-03-07 14:13:10","trade_status":"0","sign_data":"39cef1d5e8921627d20844da4a157367"}
2019-03-12T16:09:28+08:00 [task1] {"goods_info":"jb","amount":"10000","merno":"082019370621036629","order_id":"201903071412351000","orgid":"0820193706210377","plat_order_id":"2019030714123663844896","timestamp":"20190308141309","trade_date":"2019-03-07 14:13:10","trade_status":"0","sign_data":"39cef1d5e8921627d20844da4a157367"}
2019-03-12T16:13:27+08:00 [task1] {"goods_info":"jb","amount":"10000","merno":"082019370621036629","order_id":"201903071412351000","orgid":"0820193706210377","plat_order_id":"2019030714123663844896","timestamp":"20190308141309","trade_date":"2019-03-07 14:13:10","trade_status":"0","sign_data":"39cef1d5e8921627d20844da4a157367"}
2019-03-12T16:13:50+08:00 [task1] {"goods_info":"jb","amount":"10000","merno":"082019370621036629","order_id":"201903071412351000","orgid":"0820193706210377","plat_order_id":"2019030714123663844896","timestamp":"20190308141309","trade_date":"2019-03-07 14:13:10","trade_status":"0","sign_data":"39cef1d5e8921627d20844da4a157367"}
2019-03-12T16:14:17+08:00 [task1] {"goods_info":"jb","amount":"10000","merno":"082019370621036629","order_id":"201903071412351000","orgid":"0820193706210377","plat_order_id":"2019030714123663844896","timestamp":"20190308141309","trade_date":"2019-03-07 14:13:10","trade_status":"0","sign_data":"39cef1d5e8921627d20844da4a157367"}
2019-03-12T16:24:28+08:00 [task1] {"goods_info":"jb","amount":"10000","merno":"082019370621036629","order_id":"201903071412351000","orgid":"0820193706210377","plat_order_id":"2019030714123663844896","timestamp":"20190308141309","trade_date":"2019-03-07 14:13:10","trade_status":"0","sign_data":"39cef1d5e8921627d20844da4a157367"}
2019-03-12T16:36:34+08:00 [task1] {"goods_info":"jb","amount":"10000","merno":"082019370621036629","order_id":"201903071412351000","orgid":"0820193706210377","plat_order_id":"2019030714123663844896","timestamp":"20190308141309","trade_date":"2019-03-07 14:13:10","trade_status":"0","sign_data":"39cef1d5e8921627d20844da4a157367"}
2019-03-12T16:41:17+08:00 [task1] {"goods_info":"jb","amount":"10000","merno":"082019370621036629","order_id":"201903071412351000","orgid":"0820193706210377","plat_order_id":"2019030714123663844896","timestamp":"20190308141309","trade_date":"2019-03-07 14:13:10","trade_status":"0","sign_data":"39cef1d5e8921627d20844da4a157367"}
2019-03-12T21:49:55+08:00 [task1] []
2019-03-12T21:52:17+08:00 [task1] []
2019-03-12T21:53:29+08:00 [task1] []
2019-03-12T21:56:04+08:00 [task1] []
2019-03-12T21:56:18+08:00 [task1] []
2019-03-12T21:56:54+08:00 [task1] []
2019-03-12T21:58:59+08:00 [task1] []
2019-03-12T21:59:21+08:00 [task1] []
2019-03-12T22:02:00+08:00 [task1] []
2019-03-12T22:03:02+08:00 [task1] []
2019-03-12T22:18:09+08:00 [task1] []
2019-03-12T22:35:27+08:00 [task1] []
2019-03-12T22:42:35+08:00 [task1] []
2019-03-12T22:50:44+08:00 [task1] []
2019-03-12T22:52:35+08:00 [task1] []
2019-03-12T22:53:31+08:00 [task1] []
2019-03-12T22:53:34+08:00 [task1] []
2019-03-12T22:53:35+08:00 [task1] []
2019-03-12T22:53:51+08:00 [task1] []
2019-03-12T22:55:44+08:00 [task1] {"order_id":"25704379229143089","channel":"chang-aipayh5-query","token":"470F1B7507D867B58E20F1B085B7BE60"}
2019-03-12T23:06:59+08:00 [task1] []
2019-03-12T23:07:15+08:00 [task1] {"notify_url":"http:\/\/35.229.251.214:10021\/callback\/dapai\/payup","userId":"110000","pay_amount":"100","order_id":"25816815662792704","channel":"chang-aipayh5-pay","token":"AC8A2116446E7AFB1B09B9F5F3197EA8"}
2019-03-12T23:07:36+08:00 [task1] {"notify_url":"http:\/\/35.229.251.214:10021\/callback\/dapai\/payup","userId":"110000","pay_amount":"100","order_id":"25816837830737920","channel":"chang-aipayh5-pay","token":"0838577C5A8732832FE572A18A018221"}
2019-03-12T23:10:20+08:00 [task1] {"notify_url":"http:\/\/35.229.251.214:10021\/callback\/dapai\/payup","userId":"110000","pay_amount":"100","order_id":"25817006225752064","channel":"chang-aipayscan-pay","token":"769BE46C3D511E9EFAF45924392DDA50"}
2019-03-12T23:13:23+08:00 [task1] []
2019-03-12T23:17:53+08:00 [task1] []
2019-03-12T23:19:43+08:00 [task1] []
2019-03-12T23:21:54+08:00 [task1] []
2019-03-12T23:27:21+08:00 [task1] []
2019-03-12T23:27:31+08:00 [task1] []
2019-03-12T23:27:45+08:00 [task1] []
2019-03-12T23:27:58+08:00 [task1] []
2019-03-12T23:28:26+08:00 [task1] []
2019-03-12T23:29:03+08:00 [task1] []
2019-03-12T23:29:58+08:00 [task1] []
2019-03-12T23:32:12+08:00 [task1] []
2019-03-12T23:39:18+08:00 [task1] []
2019-03-12T17:45:59+01:00 [task1] []
2019-03-12T17:46:10+01:00 [task1] []
2019-03-12T17:46:25+01:00 [task1] []
2019-03-12T17:46:48+01:00 [task1] []
2019-03-12T17:49:57+01:00 [task1] []
2019-03-12T17:50:44+01:00 [task1] []
2019-03-12T17:52:36+01:00 [task1] []
2019-03-12T17:53:23+01:00 [task1] []
2019-03-12T17:53:39+01:00 [task1] []
2019-03-12T17:55:13+01:00 [task1] []
2019-03-12T17:55:29+01:00 [task1] []
2019-03-12T18:00:51+01:00 [task1] []
2019-03-12T18:03:14+01:00 [task1] []
2019-03-12T18:06:33+01:00 [task1] []
2019-03-12T18:09:22+01:00 [task1] []
2019-03-12T18:09:59+01:00 [task1] []
2019-03-12T18:10:16+01:00 [task1] []
2019-03-12T18:10:25+01:00 [task1] []
2019-03-12T18:17:02+01:00 [task1] []
2019-03-12T18:17:53+01:00 [task1] []
2019-03-12T18:18:31+01:00 [task1] []
2019-03-12T18:20:53+01:00 [task1] []
2019-03-12T18:21:29+01:00 [task1] []
2019-03-12T18:25:00+01:00 [task1] []
2019-03-12T18:25:29+01:00 [task1] []
2019-03-12T18:26:11+01:00 [task1] []
2019-03-12T18:32:00+01:00 [task1] []
2019-03-12T18:41:16+01:00 [task1] []
2019-03-12T18:42:23+01:00 [task1] []
2019-03-12T18:42:39+01:00 [task1] []
2019-03-12T18:43:26+01:00 [task1] []
2019-03-12T18:47:53+01:00 [task1] []
2019-03-12T18:49:52+01:00 [task1] []
2019-03-12T18:50:46+01:00 [task1] []
2019-03-12T19:07:38+01:00 [task1] []
2019-03-12T19:07:57+01:00 [task1] []
2019-03-12T19:09:45+01:00 [task1] []
2019-03-12T19:09:52+01:00 [task1] []
2019-03-12T19:10:22+01:00 [task1] []
2019-03-12T19:10:49+01:00 [task1] []
2019-03-12T19:11:16+01:00 [task1] []
2019-03-12T19:11:59+01:00 [task1] []
2019-03-12T19:12:26+01:00 [task1] []
2019-03-12T19:13:43+01:00 [task1] []
2019-03-12T19:14:12+01:00 [task1] []
2019-03-13T10:00:41+08:00 [task1] []
2019-03-13T10:00:52+08:00 [task1] []
2019-03-13T10:01:09+08:00 [task1] []
2019-03-13T10:01:28+08:00 [task1] []
2019-03-13T10:01:38+08:00 [task1] []
2019-03-13T10:02:20+08:00 [task1] []
2019-03-13T10:03:22+08:00 [task1] []
2019-03-13T10:05:46+08:00 [task1] []
2019-03-13T10:06:33+08:00 [task1] []
2019-03-13T10:08:00+08:00 [task1] []
2019-03-13T10:17:54+08:00 [task1] []
2019-03-13T10:18:23+08:00 [task1] []
2019-03-13T10:19:17+08:00 [task1] []
2019-03-13T10:20:37+08:00 [task1] []
2019-03-13T10:20:49+08:00 [task1] []
2019-03-13T10:21:33+08:00 [task1] []
2019-03-13T10:34:26+08:00 [task1] []
2019-03-13T21:45:42+08:00 [task1] []
2019-03-13T21:49:02+08:00 [task1] []
2019-03-13T21:50:21+08:00 [task1] []
2019-03-13T21:50:49+08:00 [task1] []
2019-03-13T21:51:37+08:00 [task1] []
2019-03-13T21:52:10+08:00 [task1] []
2019-03-13T21:52:53+08:00 [task1] []
2019-03-13T21:53:23+08:00 [task1] []
2019-03-13T21:54:05+08:00 [task1] []
2019-03-13T21:54:22+08:00 [task1] []
2019-03-13T21:54:36+08:00 [task1] []
2019-03-13T21:54:43+08:00 [task1] []
2019-03-13T21:54:49+08:00 [task1] []
2019-03-13T21:59:06+08:00 [task1] []
2019-03-13T22:05:06+08:00 [task1] []
2019-03-13T22:05:38+08:00 [task1] []
2019-03-13T22:06:15+08:00 [task1] []
2019-03-13T22:06:39+08:00 [task1] []
2019-03-13T23:15:33+08:00 [task1] []
2019-03-13T23:16:17+08:00 [task1] []
2019-03-13T23:16:33+08:00 [task1] []
2019-03-13T23:16:43+08:00 [task1] []
2019-03-13T23:16:57+08:00 [task1] []
2019-03-13T23:17:10+08:00 [task1] []
2019-03-13T23:18:08+08:00 [task1] []
2019-03-13T23:18:17+08:00 [task1] []
2019-03-13T23:22:25+08:00 [task1] []
2019-03-13T23:22:36+08:00 [task1] []
2019-03-13T23:22:57+08:00 [task1] []
2019-03-13T23:23:15+08:00 [task1] []
2019-03-13T23:23:23+08:00 [task1] []
2019-03-13T23:23:31+08:00 [task1] []
2019-03-13T23:23:43+08:00 [task1] []
2019-03-13T23:23:54+08:00 [task1] []
2019-03-13T23:27:30+08:00 [task1] []
2019-03-13T23:28:18+08:00 [task1] []
2019-03-13T23:28:28+08:00 [task1] []
2019-03-13T23:29:08+08:00 [task1] []
2019-03-13T23:29:17+08:00 [task1] []
2019-03-13T23:29:26+08:00 [task1] []
2019-03-13T23:33:08+08:00 [task1] []
2019-03-13T23:33:32+08:00 [task1] []
2019-03-13T23:33:45+08:00 [task1] []
2019-03-13T23:38:17+08:00 [task1] []
2019-03-13T23:42:39+08:00 [task1] []
2019-03-13T23:44:16+08:00 [task1] []
2019-03-13T23:44:37+08:00 [task1] []
2019-03-13T23:46:46+08:00 [task1] []
2019-03-13T23:46:55+08:00 [task1] []
2019-03-13T23:47:13+08:00 [task1] []
2019-03-13T23:47:26+08:00 [task1] []
2019-03-13T23:48:25+08:00 [task1] []
2019-03-13T23:50:52+08:00 [task1] []
2019-03-13T23:51:53+08:00 [task1] []
2019-03-13T23:52:09+08:00 [task1] []
2019-03-13T23:53:09+08:00 [task1] []
2019-03-13T23:53:10+08:00 [task1] []
2019-03-13T23:58:18+08:00 [task1] []
2019-03-13T23:59:41+08:00 [task1] []
2019-03-14T00:02:08+08:00 [task1] []
2019-03-14T00:02:50+08:00 [task1] []
2019-03-14T00:02:59+08:00 [task1] []
2019-03-14T00:13:53+08:00 [task1] []
2019-03-14T00:14:40+08:00 [task1] []
2019-03-14T00:29:38+08:00 [task1] []
2019-03-14T00:30:50+08:00 [task1] []
2019-03-14T00:40:05+08:00 [task1] []
2019-03-14T00:41:14+08:00 [task1] []
2019-03-14T00:41:34+08:00 [task1] []
2019-03-14T00:43:03+08:00 [task1] []
2019-03-14T00:43:25+08:00 [task1] []
2019-03-14T00:43:41+08:00 [task1] []
2019-03-14T00:43:49+08:00 [task1] []
2019-03-14T00:45:48+08:00 [task1] []
2019-03-14T00:46:04+08:00 [task1] []
2019-03-14T00:46:22+08:00 [task1] []
2019-03-14T01:01:25+08:00 [task1] []
2019-03-14T01:01:38+08:00 [task1] []
2019-03-14T01:01:48+08:00 [task1] []
2019-03-14T01:02:01+08:00 [task1] []
2019-03-14T01:02:09+08:00 [task1] []
2019-03-14T01:02:18+08:00 [task1] []
2019-03-14T01:03:41+08:00 [task1] []
2019-03-14T01:04:07+08:00 [task1] []
2019-03-14T01:04:17+08:00 [task1] []
2019-03-14T02:19:22+08:00 [task1] []
2019-03-14T02:19:40+08:00 [task1] []
2019-03-14T02:19:57+08:00 [task1] []
2019-03-14T01:42:30+00:00 [task1] []
2019-03-14T02:14:26+00:00 [task1] {"e":"e"}
2019-03-14T02:15:58+00:00 [task1] {"e":"e"}
2019-03-14T02:16:18+00:00 [task1] {"e":"e"}
2019-03-14T02:16:26+00:00 [task1] {"e":"e"}
2019-03-14T03:06:12+00:00 [task1] {"e":"e"}
2019-03-14T03:13:34+00:00 [task1] {"e":"e"}
2019-03-14T03:13:43+00:00 [task1] {"e":"e"}
2019-03-14T03:14:33+00:00 [task1] {"e":"e"}
2019-03-14T03:14:48+00:00 [task1] {"e":"e"}
2019-03-14T06:09:15+00:00 [task1] {"e":"e"}
2019-03-14T06:12:49+00:00 [task1] {"e":"e"}
2019-03-14T06:13:46+00:00 [task1] {"e":"e"}
2019-03-14T06:14:45+00:00 [task1] {"e":"e"}
2019-03-14T06:14:59+00:00 [task1] {"e":"e"}
2019-03-14T06:16:27+00:00 [task1] {"e":"e"}
2019-03-14T06:16:39+00:00 [task1] {"e":"e"}
2019-03-14T06:16:53+00:00 [task1] {"e":"e"}
2019-03-14T09:05:28+00:00 [task1] {"e":"e"}
2019-03-14T17:09:52+08:00 [task1] {"notify_url":"http:\/\/150.242.99.105:10021\/callback\/dahao\/payup","userId":"111352","pay_amount":"100","order_id":"25975526156926976","channel":"yongshun-aipayscan-pay","token":"E0A694B2B0252215B968CF6AF5A23850"}
2019-03-14T17:10:46+08:00 [task1] {"notify_url":"http:\/\/150.242.99.105:10021\/callback\/dahao\/payup","userId":"111352","pay_amount":"10000","order_id":"25975582855528448","channel":"yongshun-aipayscan-pay","token":"0C32BF9081FFFFAC0B33A5C319CFC209"}
2019-03-14T17:30:53+08:00 [task1] {"notify_url":"http:\/\/150.242.99.105:10021\/callback\/dahao\/payup","userId":"111352","pay_amount":"10000","order_id":"25976848929259520","channel":"yongshun-aipayscan-pay","token":"22B990446713AAFE0CD919015D7E9E35"}
2019-03-14T18:15:14+08:00 [task1] {"notify_url":"http:\/\/150.242.99.105:10021\/callback\/dahao\/payup","userId":"111353","pay_amount":"10000","order_id":"25979638414049280","channel":"yongshun-aipayscan-pay","token":"81E3105BE6736BC070C8F33FC2716DE9"}
2019-03-14T18:16:18+08:00 [task1] {"notify_url":"http:\/\/150.242.99.105:10021\/callback\/dahao\/payup","userId":"111353","pay_amount":"10000","order_id":"25979705718996992","channel":"yongshun-aipayscan-pay","token":"D8792672F506A0E8B4A77E49A3B02B80"}
2019-03-14T18:18:30+08:00 [task1] {"notify_url":"http:\/\/150.242.99.105:10021\/callback\/dahao\/payup","userId":"111353","pay_amount":"10000","order_id":"25979844171923456","channel":"yongshun-aipayscan-pay","token":"B1C3DA13CEC8AE12F2858824B9E86B12"}
2019-03-14T18:19:37+08:00 [task1] {"amount":"10000","goods_info":"jb","merno":"002019311318035426","order_id":"25979844171923456","orgid":"0020193113180323","plat_order_id":"2019031418183079399788","sign_data":"5f75e66cf1d0cbb2c82e7fdf2efd8250","timestamp":"20190314181937","trade_date":"2019-03-14 18:19:38","trade_status":"0"}
2019-03-14T22:28:06+08:00 [task1] []
2019-03-14T22:28:27+08:00 [task1] []
2019-03-14T22:28:44+08:00 [task1] []
2019-03-14T22:29:02+08:00 [task1] []
2019-03-14T22:30:34+08:00 [task1] {"notify_url":"http:\/\/150.242.99.105:10021\/callback\/dahao\/payup","userId":"111353","pay_amount":"10000","order_id":"25995702683303936","channel":"yongshun-aipayscan-pay","token":"C6FCC2DC167EFEE57AA11498E42B4A1C"}
2019-03-14T22:32:49+08:00 [task1] {"amount":"10000","goods_info":"jb","merno":"002019311318035426","order_id":"25995702683303936","orgid":"0020193113180323","plat_order_id":"2019031422303486685336","sign_data":"5c38affb43b58daa56fd6130ae0a1232","timestamp":"20190314223249","trade_date":"2019-03-14 22:32:49","trade_status":"0"}
2019-03-14T22:40:06+08:00 [task1] {"notify_url":"http:\/\/150.242.99.105:10021\/callback\/dahao\/payup","userId":"111352","pay_amount":"10000","order_id":"25996302359732224","channel":"huifu-aipayscan-pay","token":"E1709CB336B9736C4DBB37C2B575C273"}
2019-03-14T22:58:09+08:00 [task1] {"notify_url":"http:\/\/150.242.99.105:10021\/callback\/dahao\/payup","userId":"111352","pay_amount":"10000","order_id":"25997438644920320","channel":"huifutong-aipayscan-pay","token":"199DE9A9498A8C335FBCEB9A63DE0738"}
2019-03-14T23:03:43+08:00 [task1] {"notify_url":"http:\/\/150.242.99.105:10021\/callback\/dahao\/payup","userId":"111354","pay_amount":"10000","order_id":"25997788304121856","channel":"huifutong-aipayscan-pay","token":"0BD0FF7E61C459D32EA127F260DC0DCF"}
2019-03-15T09:42:41+08:00 [task1] {"e":"e"}
2019-03-15T09:42:53+08:00 [task1] {"e":"e"}
2019-03-15T09:43:05+08:00 [task1] {"e":"e"}
2019-03-15T09:43:17+08:00 [task1] {"e":"e"}
2019-03-15T09:43:26+08:00 [task1] {"e":"e"}
2019-03-15T09:43:57+08:00 [task1] {"e":"e"}
2019-03-15T09:44:28+08:00 [task1] {"e":"e"}
2019-03-15T09:44:48+08:00 [task1] {"e":"e"}
2019-03-15T09:45:20+08:00 [task1] {"e":"e"}
2019-03-15T09:45:39+08:00 [task1] {"e":"e"}
2019-03-15T09:45:57+08:00 [task1] {"e":"e"}
2019-03-15T09:46:10+08:00 [task1] {"e":"e"}
2019-03-15T09:46:50+08:00 [task1] {"e":"e"}
2019-03-15T10:30:05+08:00 [task1] {"e":"e"}
2019-03-15T10:30:14+08:00 [task1] {"e":"e"}
2019-03-15T10:30:46+08:00 [task1] {"e":"e"}
2019-03-15T10:31:19+08:00 [task1] {"e":"e"}
2019-03-15T10:31:33+08:00 [task1] {"e":"e"}
2019-03-15T10:31:41+08:00 [task1] {"e":"e"}
2019-03-15T10:31:47+08:00 [task1] {"e":"e"}
2019-03-15T10:31:51+08:00 [task1] {"e":"e"}
2019-03-15T10:31:59+08:00 [task1] {"e":"e"}
2019-03-15T11:11:43+08:00 [task1] []
2019-03-15T11:12:08+08:00 [task1] []
2019-03-15T11:13:40+08:00 [task1] []
2019-03-15T11:30:43+08:00 [task1] []
2019-03-15T11:33:19+08:00 [task1] {"e":"e"}
2019-03-15T11:33:30+08:00 [task1] {"e":"e"}
2019-03-15T11:34:06+08:00 [task1] {"e":"e"}
2019-03-15T11:34:22+08:00 [task1] {"e":"e"}
2019-03-15T11:34:34+08:00 [task1] {"e":"e"}
2019-03-15T11:34:57+08:00 [task1] {"e":"e"}
2019-03-15T11:35:20+08:00 [task1] {"e":"e"}
2019-03-15T11:35:27+08:00 [task1] {"e":"e"}
2019-03-16T17:11:19+08:00 [task1] {"notify_url":"http:\/\/150.242.99.105:10021\/callback\/dahao\/payup","userId":"111358","pay_amount":"10000","order_id":"26156811841183744","channel":"yongshun-aipayscan-pay","token":"53108CB68DC818804D37DA7D9F47F91D"}
2019-03-18T13:48:49+08:00 [task1] {"notify_url":"http:\/\/150.242.99.105:10021\/callback\/dahao\/payup","userId":"111354","pay_amount":"10000","order_id":"26325265530494976","channel":"yongshun-aipayscan-pay","token":"8A5E18BB88C636B97244E31DB3D7F1E2"}
2019-03-19T14:30:43+01:00 [task1] []
2019-03-19T14:32:16+01:00 [task1] []
2019-03-19T14:34:28+01:00 [task1] []
2019-03-19T14:35:24+01:00 [task1] []
2019-03-19T14:36:06+01:00 [task1] []
2019-03-19T14:36:21+01:00 [task1] []
2019-03-19T14:38:49+01:00 [task1] []
2019-03-19T14:39:52+01:00 [task1] []
2019-03-19T14:41:04+01:00 [task1] []
2019-03-19T14:41:16+01:00 [task1] []
2019-03-19T14:41:28+01:00 [task1] []
2019-03-19T14:41:46+01:00 [task1] []
2019-03-19T14:42:11+01:00 [task1] []
2019-03-19T14:43:10+01:00 [task1] []
2019-03-19T14:44:29+01:00 [task1] []
2019-03-19T14:49:10+01:00 [task1] []
2019-03-19T14:49:24+01:00 [task1] []
2019-03-19T14:49:41+01:00 [task1] []
2019-03-19T15:28:15+01:00 [task1] []
2019-03-19T15:28:49+01:00 [task1] []
2019-03-19T15:30:16+01:00 [task1] []
2019-03-19T15:36:52+01:00 [task1] []
2019-03-19T15:38:09+01:00 [task1] []
2019-03-19T15:39:08+01:00 [task1] []
2019-03-19T15:40:17+01:00 [task1] []
2019-03-19T15:40:33+01:00 [task1] []
2019-03-19T15:41:01+01:00 [task1] []
2019-03-19T15:58:11+01:00 [task1] []
2019-03-19T15:58:19+01:00 [task1] []
2019-03-19T15:59:53+01:00 [task1] []
2019-03-19T16:00:25+01:00 [task1] []
2019-03-19T16:00:36+01:00 [task1] []
2019-03-19T16:01:43+01:00 [task1] []
2019-03-19T16:01:58+01:00 [task1] []
2019-03-19T16:02:16+01:00 [task1] []
2019-03-19T16:02:55+01:00 [task1] []
2019-03-19T16:03:00+01:00 [task1] []
2019-03-19T16:04:13+01:00 [task1] []
2019-03-19T16:06:41+01:00 [task1] []
2019-03-19T16:07:14+01:00 [task1] []
2019-03-19T16:08:30+01:00 [task1] []
2019-03-19T16:08:39+01:00 [task1] []
2019-03-19T16:14:51+01:00 [task1] []
2019-03-19T16:15:02+01:00 [task1] []
2019-03-19T16:15:54+01:00 [task1] []
2019-03-19T16:16:13+01:00 [task1] []
2019-03-19T16:16:22+01:00 [task1] []
2019-03-19T16:21:11+01:00 [task1] []
2019-03-19T16:21:23+01:00 [task1] []
2019-03-19T16:22:41+01:00 [task1] []
2019-03-19T16:23:36+01:00 [task1] []
2019-03-19T16:24:43+01:00 [task1] []
2019-03-19T16:25:53+01:00 [task1] []
2019-03-19T16:26:05+01:00 [task1] []
2019-03-19T16:26:16+01:00 [task1] []
2019-03-19T16:32:14+01:00 [task1] []
2019-03-19T16:33:25+01:00 [task1] []
2019-03-19T16:33:46+01:00 [task1] []
2019-03-19T16:33:57+01:00 [task1] []
2019-03-19T16:34:09+01:00 [task1] []
2019-03-19T16:35:38+01:00 [task1] []
2019-03-19T16:35:49+01:00 [task1] []
2019-03-19T16:36:39+01:00 [task1] []
2019-03-19T16:36:52+01:00 [task1] []
2019-03-19T16:43:03+01:00 [task1] []
2019-03-19T16:43:13+01:00 [task1] []
2019-03-19T16:47:35+01:00 [task1] []
2019-03-19T16:48:30+01:00 [task1] []
2019-03-19T16:48:43+01:00 [task1] []
2019-03-19T17:16:03+01:00 [task1] []
2019-03-19T17:16:52+01:00 [task1] []
2019-03-19T17:17:00+01:00 [task1] []
2019-03-19T17:17:21+01:00 [task1] []
2019-03-19T17:22:51+01:00 [task1] []
2019-03-19T17:23:14+01:00 [task1] []
2019-03-19T17:34:50+01:00 [task1] []
2019-03-19T18:03:38+01:00 [task1] []
2019-03-19T18:03:52+01:00 [task1] []
2019-03-19T18:04:02+01:00 [task1] []
2019-03-19T18:04:24+01:00 [task1] []
2019-03-19T18:04:58+01:00 [task1] []
2019-03-19T18:05:07+01:00 [task1] []
2019-03-19T18:09:57+01:00 [task1] []
2019-03-19T18:10:07+01:00 [task1] []
2019-03-19T18:31:18+01:00 [task1] []
2019-03-19T18:33:37+01:00 [task1] []
2019-03-19T18:37:22+01:00 [task1] []
2019-03-19T18:37:44+01:00 [task1] []
2019-03-19T18:38:04+01:00 [task1] []
2019-03-19T18:40:51+01:00 [task1] []
2019-03-19T18:41:01+01:00 [task1] []
2019-03-19T18:43:31+01:00 [task1] []
