2019-03-19 22:58:20
---------------------------- 
用户 990 订单12344555支付失败 原因是{"requestId":"12344555","respCode":"X6","respMsg":"\u8bf7\u6c42\u8ba2\u5355\u53f7\u683c\u5f0f\u9519\u8bef"}
---------------------------- 
2019-03-19 23:08:39
---------------------------- 
用户 990 订单20190319987678100支付失败 原因是{"key":"200999","msg":"\u6bcf\u7b14\u4ea4\u6613\u6700\u4f4e\u91d1\u989d\u4e3a\uff1a10.00\u5143","requestId":"20190319987678100","respCode":"00","respMsg":"\u901a\u8baf\u6210\u529f","status":"2"}
---------------------------- 
2019-03-19 23:15:03
---------------------------- 
用户 990 订单20190319987678100支付失败 原因是{"key":"200999","msg":"\u6bcf\u7b14\u4ea4\u6613\u6700\u4f4e\u91d1\u989d\u4e3a\uff1a10.00\u5143","requestId":"20190319987678100","respCode":"00","respMsg":"\u901a\u8baf\u6210\u529f","status":"2"}
---------------------------- 
2019-03-19 23:16:23
---------------------------- 
用户 990 订单20190319987678100支付失败 原因是{"key":"400003","msg":"\u8c03\u7528\u652f\u4ed8\u5931\u8d25","requestId":"20190319987678100","respCode":"00","respMsg":"\u901a\u8baf\u6210\u529f","status":"2"}
---------------------------- 
2019-03-19 23:21:25
---------------------------- 
用户 990 订单20190319987678101支付失败 原因是{"key":"400003","msg":"\u8c03\u7528\u652f\u4ed8\u5931\u8d25","requestId":"20190319987678101","respCode":"00","respMsg":"\u901a\u8baf\u6210\u529f","status":"2"}
---------------------------- 
2019-03-19 23:26:17
---------------------------- 
用户 990 订单20190319987678101支付失败 原因是{"key":"400003","msg":"\u8c03\u7528\u652f\u4ed8\u5931\u8d25\uff0c\u8bf7\u8054\u7cfb\u7ba1\u7406\u5458","requestId":"20190319987678101","respCode":"00","respMsg":"\u901a\u8baf\u6210\u529f","status":"2"}
---------------------------- 
2019-03-19 23:35:50
---------------------------- 
用户 20000 订单20190319987678100支付失败 原因是{"key":"400003","msg":"\u8c03\u7528\u652f\u4ed8\u5931\u8d25\uff0c\u8bf7\u8054\u7cfb\u7ba1\u7406\u5458","requestId":"20190319987678100","respCode":"00","respMsg":"\u901a\u8baf\u6210\u529f","status":"2"}
---------------------------- 
2019-03-19 23:36:57
---------------------------- 
用户 20000 订单20190319987678100支付失败 原因是{"key":"05","msg":"\u83b7\u53d6\u6210\u529f","requestId":"20190319987678100","respCode":"00","respMsg":"\u901a\u8baf\u6210\u529f","result":"{\"qrtype\":\"1\",\"url\":\"https:\/\/d.ttpay.vip\/qcms\/api\/pay?s=8000232264098\"}","status":"3"}
---------------------------- 
