2019-03-13 23:33:46
---------------------------- 
 订单app端返回信息
---------------------------- 
2019-03-13 23:38:18
---------------------------- 
 订单25704379229143089app端返回信息{"code":"000","0":"\u67e5\u8be2\u6210\u529f","status":5,"amount":"500000","plat_id":"2019031221532935396188"}
---------------------------- 
2019-03-13 23:44:17
---------------------------- 
 订单25704379229143089app端返回信息{"code":"000","0":"\u67e5\u8be2\u6210\u529f","status":5,"amount":"500000","plat_id":"2019031221532935396188"}
---------------------------- 
2019-03-13 23:44:41
---------------------------- 
 订单25704379229143089app端返回信息{"code":"000","0":"\u67e5\u8be2\u6210\u529f","status":5,"amount":"500000","plat_id":"2019031221532935396188"}
---------------------------- 
2019-03-13 23:46:47
---------------------------- 
 订单25704379229143089app端返回信息{"code":"000","0":"\u67e5\u8be2\u6210\u529f","status":5,"amount":"500000","plat_id":"2019031221532935396188"}
---------------------------- 
2019-03-13 23:47:14
---------------------------- 
 订单25704379229143089app端返回信息{"code":"000","0":"\u67e5\u8be2\u6210\u529f","status":5,"amount":"500000","plat_id":"2019031221532935396188"}
---------------------------- 
2019-03-13 23:51:54
---------------------------- 
 订单25704379229143089返回给app端信息{"code":"000","0":"\u67e5\u8be2\u6210\u529f","status":5,"amount":"500000","plat_id":"2019031221532935396188"}
---------------------------- 
2019-03-13 23:52:10
---------------------------- 
 订单25704379229143089返回给app端信息{"code":"000","0":"\u67e5\u8be2\u6210\u529f","status":5,"amount":"500000","plat_id":"2019031221532935396188"}
---------------------------- 
2019-03-13 23:53:10
---------------------------- 
 订单25704379229143089返回给app端信息{"code":"000","0":"\u67e5\u8be2\u6210\u529f","status":5,"amount":"500000","plat_id":"2019031221532935396188"}
---------------------------- 
